<?xml version="1.0" encoding="UTF-8"?>
<testsuite xmlns:xsi="http://www.w3.org/2001/XMLSchema-instance" xsi:noNamespaceSchemaLocation="https://maven.apache.org/surefire/maven-surefire-plugin/xsd/surefire-test-report-3.0.xsd" version="3.0" name="TestSuite" time="10.956" tests="3" errors="0" skipped="0" failures="0">
  <properties>
[...]
</properties>
  <testcase name="testCoinDeskAPI" classname="com.healthmonitor.api.HealthCheckerTest" time="5.474">
    <system-out><![CDATA[00:20:58.502 [main] DEBUG org.testng.TestNG - suiteXmlPath: "/Users/jonaksindhudas/Desktop/api-health-monitor-bot/testng.xml"
00:21:02.775 [main] DEBUG org.apache.http.impl.conn.BasicClientConnectionManager - Get connection for route {s}->https://api.coindesk.com:443
00:21:02.912 [main] DEBUG org.apache.http.impl.conn.DefaultClientConnection - Connection org.apache.http.impl.conn.DefaultClientConnection@423b2b62 closed
00:21:02.912 [main] DEBUG org.apache.http.impl.conn.DefaultClientConnection - Connection org.apache.http.impl.conn.DefaultClientConnection@423b2b62 shut down
00:21:02.912 [main] DEBUG org.apache.http.impl.conn.BasicClientConnectionManager - Releasing connection org.apache.http.impl.conn.ManagedClientConnectionImpl@2b7962a2
00:21:02.913 [main] INFO com.healthmonitor.api.HealthChecker - 
Checking https://api.coindesk.com/v1/bpi/currentprice/USD.json:
00:21:02.914 [main] INFO com.healthmonitor.api.HealthChecker - Status: 0
00:21:02.914 [main] INFO com.healthmonitor.api.HealthChecker - Response Time: 2934ms
00:21:02.914 [main] INFO com.healthmonitor.api.HealthChecker - Schema Valid: false
00:21:02.914 [main] INFO com.healthmonitor.api.HealthChecker - Error: api.coindesk.com: nodename nor servname provided, or not known
00:21:02.914 [main] INFO com.healthmonitor.api.HealthChecker - 
Checking https://api.coindesk.com/v1/bpi/currentprice/USD.json:
00:21:02.914 [main] INFO com.healthmonitor.api.HealthChecker - Status: 0
00:21:02.914 [main] INFO com.healthmonitor.api.HealthChecker - Response Time: 2934ms
00:21:02.915 [main] INFO com.healthmonitor.api.HealthChecker - Schema Valid: false
00:21:02.915 [main] INFO com.healthmonitor.api.HealthChecker - Error: api.coindesk.com: nodename nor servname provided, or not known
00:21:02.946 [main] DEBUG org.apache.http.impl.conn.BasicClientConnectionManager - Get connection for route {s}->https://api.github.com:443
00:21:03.052 [main] DEBUG org.apache.http.impl.conn.DefaultClientConnectionOperator - Connecting to api.github.com:443
00:21:03.559 [main] DEBUG org.apache.http.client.protocol.RequestAddCookies - CookieSpec selected: ignoreCookies
00:21:03.561 [main] DEBUG org.apache.http.client.protocol.RequestAuthCache - Auth cache not set in the context
00:21:03.561 [main] DEBUG org.apache.http.client.protocol.RequestTargetAuthentication - Target auth state: UNCHALLENGED
00:21:03.562 [main] DEBUG org.apache.http.client.protocol.RequestProxyAuthentication - Proxy auth state: UNCHALLENGED
00:21:03.562 [main] DEBUG org.apache.http.impl.client.DefaultHttpClient - Attempt 1 to execute request
00:21:03.562 [main] DEBUG org.apache.http.impl.conn.DefaultClientConnection - Sending request: GET /repos/octocat/Hello-World HTTP/1.1
00:21:03.563 [main] DEBUG org.apache.http.wire -  >> "GET /repos/octocat/Hello-World HTTP/1.1[\r][\n]"
00:21:03.564 [main] DEBUG org.apache.http.wire -  >> "Accept: */*[\r][\n]"
00:21:03.565 [main] DEBUG org.apache.http.wire -  >> "Host: api.github.com[\r][\n]"
00:21:03.565 [main] DEBUG org.apache.http.wire -  >> "Connection: Keep-Alive[\r][\n]"
00:21:03.565 [main] DEBUG org.apache.http.wire -  >> "User-Agent: Apache-HttpClient/4.5.14 (Java/16.0.1)[\r][\n]"
00:21:03.565 [main] DEBUG org.apache.http.wire -  >> "Accept-Encoding: gzip,deflate[\r][\n]"
00:21:03.565 [main] DEBUG org.apache.http.wire -  >> "[\r][\n]"
00:21:03.566 [main] DEBUG org.apache.http.headers - >> GET /repos/octocat/Hello-World HTTP/1.1
00:21:03.566 [main] DEBUG org.apache.http.headers - >> Accept: */*
00:21:03.566 [main] DEBUG org.apache.http.headers - >> Host: api.github.com
00:21:03.566 [main] DEBUG org.apache.http.headers - >> Connection: Keep-Alive
00:21:03.567 [main] DEBUG org.apache.http.headers - >> User-Agent: Apache-HttpClient/4.5.14 (Java/16.0.1)
00:21:03.567 [main] DEBUG org.apache.http.headers - >> Accept-Encoding: gzip,deflate
00:21:03.874 [main] DEBUG org.apache.http.wire -  << "HTTP/1.1 200 OK[\r][\n]"
00:21:03.881 [main] DEBUG org.apache.http.wire -  << "Date: Tue, 20 May 2025 18:51:03 GMT[\r][\n]"
00:21:03.882 [main] DEBUG org.apache.http.wire -  << "Content-Type: application/json; charset=utf-8[\r][\n]"
00:21:03.882 [main] DEBUG org.apache.http.wire -  << "Cache-Control: public, max-age=60, s-maxage=60[\r][\n]"
00:21:03.882 [main] DEBUG org.apache.http.wire -  << "Vary: Accept,Accept-Encoding, Accept, X-Requested-With[\r][\n]"
00:21:03.883 [main] DEBUG org.apache.http.wire -  << "ETag: W/"b2ef838198bc3d904e0db0ecac751014e9daaa14009d2a426ae0f72204cf03e1"[\r][\n]"
00:21:03.883 [main] DEBUG org.apache.http.wire -  << "Last-Modified: Tue, 20 May 2025 13:33:01 GMT[\r][\n]"
00:21:03.883 [main] DEBUG org.apache.http.wire -  << "X-GitHub-Media-Type: github.v3; format=json[\r][\n]"
00:21:03.883 [main] DEBUG org.apache.http.wire -  << "x-github-api-version-selected: 2022-11-28[\r][\n]"
00:21:03.884 [main] DEBUG org.apache.http.wire -  << "Access-Control-Expose-Headers: ETag, Link, Location, Retry-After, X-GitHub-OTP, X-RateLimit-Limit, X-RateLimit-Remaining, X-RateLimit-Used, X-RateLimit-Resource, X-RateLimit-Reset, X-OAuth-Scopes, X-Accepted-OAuth-Scopes, X-Poll-Interval, X-GitHub-Media-Type, X-GitHub-SSO, X-GitHub-Request-Id, Deprecation, Sunset[\r][\n]"
00:21:03.886 [main] DEBUG org.apache.http.wire -  << "Access-Control-Allow-Origin: *[\r][\n]"
00:21:03.887 [main] DEBUG org.apache.http.wire -  << "Strict-Transport-Security: max-age=31536000; includeSubdomains; preload[\r][\n]"
00:21:03.888 [main] DEBUG org.apache.http.wire -  << "X-Frame-Options: deny[\r][\n]"
00:21:03.888 [main] DEBUG org.apache.http.wire -  << "X-Content-Type-Options: nosniff[\r][\n]"
00:21:03.888 [main] DEBUG org.apache.http.wire -  << "X-XSS-Protection: 0[\r][\n]"
00:21:03.889 [main] DEBUG org.apache.http.wire -  << "Referrer-Policy: origin-when-cross-origin, strict-origin-when-cross-origin[\r][\n]"
00:21:03.889 [main] DEBUG org.apache.http.wire -  << "Content-Security-Policy: default-src 'none'[\r][\n]"
00:21:03.889 [main] DEBUG org.apache.http.wire -  << "Content-Encoding: gzip[\r][\n]"
00:21:03.889 [main] DEBUG org.apache.http.wire -  << "Server: github.com[\r][\n]"
00:21:03.889 [main] DEBUG org.apache.http.wire -  << "Accept-Ranges: bytes[\r][\n]"
00:21:03.890 [main] DEBUG org.apache.http.wire -  << "X-RateLimit-Limit: 60[\r][\n]"
00:21:03.890 [main] DEBUG org.apache.http.wire -  << "X-RateLimit-Remaining: 55[\r][\n]"
00:21:03.891 [main] DEBUG org.apache.http.wire -  << "X-RateLimit-Reset: 1747769482[\r][\n]"
00:21:03.891 [main] DEBUG org.apache.http.wire -  << "X-RateLimit-Resource: core[\r][\n]"
00:21:03.892 [main] DEBUG org.apache.http.wire -  << "X-RateLimit-Used: 5[\r][\n]"
00:21:03.892 [main] DEBUG org.apache.http.wire -  << "Content-Length: 1289[\r][\n]"
00:21:03.892 [main] DEBUG org.apache.http.wire -  << "X-GitHub-Request-Id: CCAD:8D456:12CCFF9:16CC7C7:682CCF17[\r][\n]"
00:21:03.892 [main] DEBUG org.apache.http.wire -  << "[\r][\n]"
00:21:03.893 [main] DEBUG org.apache.http.impl.conn.DefaultClientConnection - Receiving response: HTTP/1.1 200 OK
00:21:03.894 [main] DEBUG org.apache.http.headers - << HTTP/1.1 200 OK
00:21:03.894 [main] DEBUG org.apache.http.headers - << Date: Tue, 20 May 2025 18:51:03 GMT
00:21:03.894 [main] DEBUG org.apache.http.headers - << Content-Type: application/json; charset=utf-8
00:21:03.894 [main] DEBUG org.apache.http.headers - << Cache-Control: public, max-age=60, s-maxage=60
00:21:03.894 [main] DEBUG org.apache.http.headers - << Vary: Accept,Accept-Encoding, Accept, X-Requested-With
00:21:03.894 [main] DEBUG org.apache.http.headers - << ETag: W/"b2ef838198bc3d904e0db0ecac751014e9daaa14009d2a426ae0f72204cf03e1"
00:21:03.894 [main] DEBUG org.apache.http.headers - << Last-Modified: Tue, 20 May 2025 13:33:01 GMT
00:21:03.895 [main] DEBUG org.apache.http.headers - << X-GitHub-Media-Type: github.v3; format=json
00:21:03.895 [main] DEBUG org.apache.http.headers - << x-github-api-version-selected: 2022-11-28
00:21:03.895 [main] DEBUG org.apache.http.headers - << Access-Control-Expose-Headers: ETag, Link, Location, Retry-After, X-GitHub-OTP, X-RateLimit-Limit, X-RateLimit-Remaining, X-RateLimit-Used, X-RateLimit-Resource, X-RateLimit-Reset, X-OAuth-Scopes, X-Accepted-OAuth-Scopes, X-Poll-Interval, X-GitHub-Media-Type, X-GitHub-SSO, X-GitHub-Request-Id, Deprecation, Sunset
00:21:03.895 [main] DEBUG org.apache.http.headers - << Access-Control-Allow-Origin: *
00:21:03.896 [main] DEBUG org.apache.http.headers - << Strict-Transport-Security: max-age=31536000; includeSubdomains; preload
00:21:03.896 [main] DEBUG org.apache.http.headers - << X-Frame-Options: deny
00:21:03.896 [main] DEBUG org.apache.http.headers - << X-Content-Type-Options: nosniff
00:21:03.896 [main] DEBUG org.apache.http.headers - << X-XSS-Protection: 0
00:21:03.896 [main] DEBUG org.apache.http.headers - << Referrer-Policy: origin-when-cross-origin, strict-origin-when-cross-origin
00:21:03.897 [main] DEBUG org.apache.http.headers - << Content-Security-Policy: default-src 'none'
00:21:03.898 [main] DEBUG org.apache.http.headers - << Content-Encoding: gzip
00:21:03.898 [main] DEBUG org.apache.http.headers - << Server: github.com
00:21:03.898 [main] DEBUG org.apache.http.headers - << Accept-Ranges: bytes
00:21:03.898 [main] DEBUG org.apache.http.headers - << X-RateLimit-Limit: 60
00:21:03.898 [main] DEBUG org.apache.http.headers - << X-RateLimit-Remaining: 55
00:21:03.898 [main] DEBUG org.apache.http.headers - << X-RateLimit-Reset: 1747769482
00:21:03.899 [main] DEBUG org.apache.http.headers - << X-RateLimit-Resource: core
00:21:03.899 [main] DEBUG org.apache.http.headers - << X-RateLimit-Used: 5
00:21:03.899 [main] DEBUG org.apache.http.headers - << Content-Length: 1289
00:21:03.899 [main] DEBUG org.apache.http.headers - << X-GitHub-Request-Id: CCAD:8D456:12CCFF9:16CC7C7:682CCF17
00:21:03.907 [main] DEBUG org.apache.http.impl.client.DefaultHttpClient - Connection can be kept alive indefinitely
00:21:03.977 [main] DEBUG io.restassured.internal.RequestSpecificationImpl$RestAssuredHttpBuilder - Parsing response as: application/json; charset=utf-8
00:21:03.978 [main] DEBUG org.apache.http.wire -  << "[0x1f][0x8b][0x8][0x0][0x0][0x0][0x0][0x0][0x0][0x3][0xa5]X]o[0xe3]6[0x10][0xfc]+[0xa9]^kG[0xb6][0xec][0xe4][0x12][0x3][0x87][0xeb]C[0x8b][0xbb][0x16]H[0x8b]+[0xee][0xda]k[0x8b]B[0xa0]$[0xda]bB[0x89]*I[0xd9]g[0xb][0xf9][0xef][0x1d][0x92][0xfa]"
00:21:03.979 [main] DEBUG org.apache.http.wire -  << "[0xb2][;[0xb1][0xfc][0x12][0xdb][0xc]g8[0xdc][0xe5].wYy,[0xf1][0x16][0xd3][0xe0][0xfe]6[0xb8][0xbd][0x1f]y[0xb9]HhhF[0xbc][0x87][0xef][0xd8][0xfc][0xc2][0xe2][0xf1][0xfb][0xfb][0x1d][0xf9][0xf2][0xeb]:[0xce][0x9f][0xbe]><>[0x5][0xf][0x8f][0xdc]x[0x98]H2[0x8a]Y[0x1f]([0xe7]b[0xfc][0xbb][0x90]<[0xc1][0xe0][0xb2][0xe4]<[0xac][0xff]#b-b[0xa2][0xfd][0xfd][0x19][0x85]dk[0xa2][0x81]\[0x12][0xae][0xe8][0xc8][0x13][0x9b][0x9c]JoQy\[0xac]X[0xe][0xc2][0x1a][0x6]2[0xa3][0xe2][0xe6]n[0x16][0xcc][0xa6][0xfb][0xb2]>[0xde][0xfe][0xf6][0xe5]g[0x1e]?~[0x9e]?[0xec]~[0xdc]=||[0xfb][0x16][0x93][0x9]X[0x89][0xc]K[0xc9][0xc1][0x91]j][0xa8][0x85][0xef][0xbb]Au[0xbd]b:-[0xa3]RQ[0x19][0x8b]\[0xd3]\_[0xc7]"[0xf3]K[0xdf][0xb1][0xbf][[0xbf][0x9d][0x83]a%k[0xe][0xbb]{[0xc][0x1c]p[0x15][0xac][0xe6]q`[0x90])[0xbf][0x13][0x9b][0xea][0x8c][0x1f][0xac][0xee]V[0xb5][0xb3][0xbb]yK[0x1]{m[0x80]=[0x94]z[0x82][0xde]oA[0xc6][0xc4][0x96][0x80][0xe5][0xab][0xf3][0x9][0x0][0xaa]|[0xa1]S[\n]"
00:21:03.980 [main] DEBUG org.apache.http.wire -  << ";A[0xfe][0xb3][0xd9]4S[0xfa],)[0x16]P[0xf9][0xe6][0x3][0xc7][0xc4]P([0xd8]][0xd2][0xe4][0x1c]95[0x4]b[0x8c][0xf7][0x9f]+_[0xd2]BX[0xae]2R[0xb1]d[0x85]f"?K[0xd6][0x1e][0x10]DB[0xae]H[0xce]v[0xe4]l"[0x0][0x15][0xf0]F[0xd0]Y[0x2],[0x0]@[0xba][0xc6][0xf1]:[0xb][0xe9][0x10][0x95]o##[0xde][0x1a]3H[0x1a]S[0xb6][0x86]M[0xcf]g;[0x80][0x82]Lo[0xb][0x13][0xa8][0x9f][0xe1]q[0xfc]2[0x8e][0xf][0xd7][0x8c]n[0xc2]z[0xbc](#[0xce]bc{[0xa6]iH[0x92][0xcc]D[0xa1][\r][0xce][0xe7][0x11][0x2][0xe9][0x15][0xa7][0xfa] [0xc2][0x13][0xda][0xba][0xd0]d[0x91][0xed][0xd5][0x92]I[0xa5][0xaf][0xac][0x81][0x98][0x16]r{%[0xf2][0xab][0xf7]L([0xa3]o[0xb0][0xec]R[0xc8][0xa7]6[0x1b][0x9c][0xc]9[0xcb][0xd0][0x84][0xd2][0xc1][0xa2][0x86][0xe5][0x5][0xab][0x1f][0x85]#[0xbc][0x0][0x86][0x94]'[0xba][0x1d][0xcc]a[0xb0][0x95][0x8f][0xbf]uT[0xc4][0x8]S[0x12][0x9]I[0xb0][0xe3][0xc1][0xa4]{$[0x95][0xdf][0xff]i[0x8e][0x89][0xa6]$[0x1b][0xcc]m[0xc1] I[0x85][0x18]n9[0xb][0x6][0x9]S[0xaa][0xa4][0xaf]:[0xad][0xc7][0xbd]`9[0x94][0xdf][0x84]C^f[0x91][0xcb]Q[0xaf][0x9][0x82][0xe3][0xb4][0xe][\r][0x8d]D)[0xb6][0xca])[0x1d]l[0xb1][0x96][0xa0][0xf2][0x9b][0xf4][0x19]I[0x92][0xc7][0xe9]p[0xca][0x6]_[0xf9][0xee][0x9b][0xf5]*Y[\r][0x96]h[0xb0][0xa0][0x88][0xb8][0x88][0x6]s[0xe0][0xda][0xf2]-A[0xe5][0xab][0x94][0xb8]KB[0x87][0x97][0xa8]2[0x8c][0x6][0xbf]G([0xe9][0xf2]"[0x89][0x6][0xdf][0x12]jy[0x81]_[0xad]<C[0xd0][0xd2][0xe1]~[0xd2]p[0xf1]`}[\r][0xde][0xaf]j[0xb]r[0x92][0xaf]J[0xb2][0x1a][0xce][0xd8][0x12][0xc0][0xbb][0xe6][0xf6]\[0x91][0xdd][0x8b]5[0xc4][0xf1][0x98][0xe8][0x18]@gJ"[0xc9][0xa2][0xf2][0xb2]D[0xd5]q[0x18][0x85][0xee][0x1a]G[0xfc][0xe]7aG[0xd1][0x11][0xda][0xba][0xe0]t[0xa1]qb[0xd3][0xbd][0xda][0xc2]n;[0xcb][0xd8]K7[0xf5]q[0xb6][0x1a][0xbe]w[0xa4]/[0xa4]4[0xe7][0xf0][0x90][0xd6][0xfc]~[0xb9][0xa0]8-[0xd3][0xe0]+[0xbf][0xcb][0xa7].Y[0xd7][0xcc]C[0xad]Yg[0xeb]F_[0x9f][0xbf][0xae][0xb1][0x7][0xbb][0xbe][0xc1][0xfb][0xd5][0xb7][0x5][0xd1][0xa9][0xc9]@X[0xa6] [0x92][0xe][0x15][[0xc3][0xfd]*"(k[0xae][0xaf][0xaf][0xab][0x94][0x12][[0xbc]fT^[0x10][0x95][0xe][\r][0x1a]"[0xe3][0x14][0x5][0xdb]P}U[0x83]G%[0x92][0x11]m[0xb][0xe2][0xa5][0x91][0x97][0xa0]@[0xe6][0x82]$[0x83]m[0xd9][0x12][0x80][0xcc][0xb9]l[0xa8]F[0x87][0xee][0xfb][0xb9]@[0xb3]7X[0x98][0x5][0xf7][0xd9]2[0xc6][0xa9][0xd2]"[0x1f][0x9e]#;[0x86]>o.4[24[0xa2]/[0xb7][0x14][0xc7][0xc3]h[0x8f][0xa4]z[0xa7]X[0x1e][0xd3][0x11][0xe1]|[0x84]S[0xa9]Y[0xcc]pN[0xd1]\[0x19][0x8f][0xa1][0xe8][0xa3][0xc3][0xad][0xe2][0xd0][0x90][0x8f][0xe6][0xda]5[0x2][0x9c][0xe2][0xc8][0xe][0xb6][0xb2][0xa4][0xe]_[0xf9][0xae]WKh[0xc1][0xc5][0xf6][0xa2][0x8c][0xd2][0xa3]0[0x81]))[0xba][0xf9]$$[0x1a][0xb5]~0[0x99]N[0xc7][0x93][0xe9]8[0xb8][0xfd]4[0xbd]_L[0xa6]xU[0xf8][0x13]s[0xca]"[0xe9][0xcf][0x9]n[0xc6][0x93][0x9b]q0[0xf9]4[0x9d]-f3L3s[0x8a]R[0xa5][0x1d]M0[0x1f]O[0xee][0xcc][0x94]`[0xb6][0xb8][0x99]/[0xe6][0x96][0x6][0xe9][0xb1]>[0xbb][0xf8][0x86][0xe6][0xfe][0xbf][0xed]u[0xbf]'0[0xbd]:@J[0xa5][0x1d][0xe8][0xbb][0xe][0xb2][0xf8][0x9f][0xd7][0x89][0x1a][0x12]s[0x1c][0xc2][0x83](y[0xdd]Z[0xeb][0xc3][0xbb][0xe9]4[0xc][0xf2]R[0x91][0xd1][0x2]u[0x81]{pPl[0x87]ox[0xed][0xe8][0xdd][0xf0][0xb1](s[0xd8]6[0xb8][0x9f][0xdf][0x8e][0xbc][\r][0xd1][0xa8]6q[0xa9][0xee][0x8d]6[0xb5][0x81][0xb7][0xc8][0x11]T %*t[0xd1][0xea]-[0xb4],[0xf1][0xc8]bF[\n]"
00:21:03.980 [main] DEBUG org.apache.http.wire -  << ")[0x1e]i[0xac]U[0xac][0xcb][0xe][0xbd][0x89][0x1b][0xf6][0xc4][0xf6][0x80][0xa6]ni;4C[0x95]0[0x15][0x97][0xa8][0xa6][0xd1][0xa3][0xb7][0xe3][0xae][0x1]ku[0xdd][0xcd][0x91][[0x99][0x94][0xa2]~[0x92]q[0xca][0xea]4[0x87][0xf7][0x95][0xfa][0xf5][0x7]L$[0xe2][0xb4][0x1b][0x10][0x5][0xcd]k[0xf1][0xcd]&[0xa7]o&[0x1][0xe2][0x8a][0xc5]4W0O[0xcd]d[0x1e]AB[0xb3]([0xe2][0xae]Q[0xcb]T[0xa8]iV[0xf0][0xfe][0xfb][0xd2][0x86]F 2W}h[0xca][0xb1]\[0x86][0x92][0xfe]S2[0xbc]X[0xb4]*[0xb4](X[0x8c][0xad][0xfc][0xf5][0xf7][0xc8][3[0xc5]"[0xc6][0x99][0xde][0xc2]'mo[0xec]:Dx[0xc1][0xec][0xab][0xa7][0x11][0xde][0xb2][0xea][0x1a][0xc7]4[0x8e]J[0xe8][0x92][0x94]\[0x87][0xae][0xaa][0x7]SF[0x94][0xb6][0xfd][0xb7][0x11][0x18][0xba]#[0xa6][0xc5][0x13]E[0xaf][0xed]6[0x94]S[0xbd][0xc1]n:[0xcf][0x9a][0x95][0xfa]uTm[0xda][0xe9][0x9b][0xd9][0xec][0xf9]_[0xdd][0xaa][0x83][0x89][0xb4][0x13][0x0][0x0]"
00:21:03.980 [main] DEBUG io.restassured.internal.RequestSpecificationImpl$RestAssuredHttpBuilder - Parsed data to instance of: class org.apache.http.conn.EofSensorInputStream
00:21:04.077 [main] DEBUG org.apache.http.impl.conn.BasicClientConnectionManager - Releasing connection org.apache.http.impl.conn.ManagedClientConnectionImpl@16a5eb6d
00:21:04.077 [main] DEBUG org.apache.http.impl.conn.BasicClientConnectionManager - Connection can be kept alive indefinitely
00:21:04.250 [main] DEBUG com.networknt.schema.PropertiesValidator - validate( {"id":1296269,"node_id":"MDEwOlJlcG9zaXRvcnkxMjk2MjY5","name":"Hello-World","full_name":"octocat/Hello-World","private":false,"owner":{"login":"octocat","id":583231,"node_id":"MDQ6VXNlcjU4MzIzMQ==","avatar_url":"https://avatars.githubusercontent.com/u/583231?v=4","gravatar_id":"","url":"https://api.github.com/users/octocat","html_url":"https://github.com/octocat","followers_url":"https://api.github.com/users/octocat/followers","following_url":"https://api.github.com/users/octocat/following{/other_user}","gists_url":"https://api.github.com/users/octocat/gists{/gist_id}","starred_url":"https://api.github.com/users/octocat/starred{/owner}{/repo}","subscriptions_url":"https://api.github.com/users/octocat/subscriptions","organizations_url":"https://api.github.com/users/octocat/orgs","repos_url":"https://api.github.com/users/octocat/repos","events_url":"https://api.github.com/users/octocat/events{/privacy}","received_events_url":"https://api.github.com/users/octocat/received_events","type":"User","user_view_type":"public","site_admin":false},"html_url":"https://github.com/octocat/Hello-World","description":"My first repository on GitHub!","fork":false,"url":"https://api.github.com/repos/octocat/Hello-World","forks_url":"https://api.github.com/repos/octocat/Hello-World/forks","keys_url":"https://api.github.com/repos/octocat/Hello-World/keys{/key_id}","collaborators_url":"https://api.github.com/repos/octocat/Hello-World/collaborators{/collaborator}","teams_url":"https://api.github.com/repos/octocat/Hello-World/teams","hooks_url":"https://api.github.com/repos/octocat/Hello-World/hooks","issue_events_url":"https://api.github.com/repos/octocat/Hello-World/issues/events{/number}","events_url":"https://api.github.com/repos/octocat/Hello-World/events","assignees_url":"https://api.github.com/repos/octocat/Hello-World/assignees{/user}","branches_url":"https://api.github.com/repos/octocat/Hello-World/branches{/branch}","tags_url":"https://api.github.com/repos/octocat/Hello-World/tags","blobs_url":"https://api.github.com/repos/octocat/Hello-World/git/blobs{/sha}","git_tags_url":"https://api.github.com/repos/octocat/Hello-World/git/tags{/sha}","git_refs_url":"https://api.github.com/repos/octocat/Hello-World/git/refs{/sha}","trees_url":"https://api.github.com/repos/octocat/Hello-World/git/trees{/sha}","statuses_url":"https://api.github.com/repos/octocat/Hello-World/statuses/{sha}","languages_url":"https://api.github.com/repos/octocat/Hello-World/languages","stargazers_url":"https://api.github.com/repos/octocat/Hello-World/stargazers","contributors_url":"https://api.github.com/repos/octocat/Hello-World/contributors","subscribers_url":"https://api.github.com/repos/octocat/Hello-World/subscribers","subscription_url":"https://api.github.com/repos/octocat/Hello-World/subscription","commits_url":"https://api.github.com/repos/octocat/Hello-World/commits{/sha}","git_commits_url":"https://api.github.com/repos/octocat/Hello-World/git/commits{/sha}","comments_url":"https://api.github.com/repos/octocat/Hello-World/comments{/number}","issue_comment_url":"https://api.github.com/repos/octocat/Hello-World/issues/comments{/number}","contents_url":"https://api.github.com/repos/octocat/Hello-World/contents/{+path}","compare_url":"https://api.github.com/repos/octocat/Hello-World/compare/{base}...{head}","merges_url":"https://api.github.com/repos/octocat/Hello-World/merges","archive_url":"https://api.github.com/repos/octocat/Hello-World/{archive_format}{/ref}","downloads_url":"https://api.github.com/repos/octocat/Hello-World/downloads","issues_url":"https://api.github.com/repos/octocat/Hello-World/issues{/number}","pulls_url":"https://api.github.com/repos/octocat/Hello-World/pulls{/number}","milestones_url":"https://api.github.com/repos/octocat/Hello-World/milestones{/number}","notifications_url":"https://api.github.com/repos/octocat/Hello-World/notifications{?since,all,participating}","labels_url":"https://api.github.com/repos/octocat/Hello-World/labels{/name}","releases_url":"https://api.github.com/repos/octocat/Hello-World/releases{/id}","deployments_url":"https://api.github.com/repos/octocat/Hello-World/deployments","created_at":"2011-01-26T19:01:12Z","updated_at":"2025-05-20T13:33:01Z","pushed_at":"2024-08-20T23:54:42Z","git_url":"git://github.com/octocat/Hello-World.git","ssh_url":"git@github.com:octocat/Hello-World.git","clone_url":"https://github.com/octocat/Hello-World.git","svn_url":"https://github.com/octocat/Hello-World","homepage":"","size":1,"stargazers_count":2946,"watchers_count":2946,"language":null,"has_issues":true,"has_projects":true,"has_downloads":true,"has_wiki":true,"has_pages":false,"has_discussions":false,"forks_count":2984,"mirror_url":null,"archived":false,"disabled":false,"open_issues_count":1702,"license":null,"allow_forking":true,"is_template":false,"web_commit_signoff_required":false,"topics":[],"visibility":"public","forks":2984,"open_issues":1702,"watchers":2946,"default_branch":"master","temp_clone_token":null,"network_count":2984,"subscribers_count":1733}, {"id":1296269,"node_id":"MDEwOlJlcG9zaXRvcnkxMjk2MjY5","name":"Hello-World","full_name":"octocat/Hello-World","private":false,"owner":{"login":"octocat","id":583231,"node_id":"MDQ6VXNlcjU4MzIzMQ==","avatar_url":"https://avatars.githubusercontent.com/u/583231?v=4","gravatar_id":"","url":"https://api.github.com/users/octocat","html_url":"https://github.com/octocat","followers_url":"https://api.github.com/users/octocat/followers","following_url":"https://api.github.com/users/octocat/following{/other_user}","gists_url":"https://api.github.com/users/octocat/gists{/gist_id}","starred_url":"https://api.github.com/users/octocat/starred{/owner}{/repo}","subscriptions_url":"https://api.github.com/users/octocat/subscriptions","organizations_url":"https://api.github.com/users/octocat/orgs","repos_url":"https://api.github.com/users/octocat/repos","events_url":"https://api.github.com/users/octocat/events{/privacy}","received_events_url":"https://api.github.com/users/octocat/received_events","type":"User","user_view_type":"public","site_admin":false},"html_url":"https://github.com/octocat/Hello-World","description":"My first repository on GitHub!","fork":false,"url":"https://api.github.com/repos/octocat/Hello-World","forks_url":"https://api.github.com/repos/octocat/Hello-World/forks","keys_url":"https://api.github.com/repos/octocat/Hello-World/keys{/key_id}","collaborators_url":"https://api.github.com/repos/octocat/Hello-World/collaborators{/collaborator}","teams_url":"https://api.github.com/repos/octocat/Hello-World/teams","hooks_url":"https://api.github.com/repos/octocat/Hello-World/hooks","issue_events_url":"https://api.github.com/repos/octocat/Hello-World/issues/events{/number}","events_url":"https://api.github.com/repos/octocat/Hello-World/events","assignees_url":"https://api.github.com/repos/octocat/Hello-World/assignees{/user}","branches_url":"https://api.github.com/repos/octocat/Hello-World/branches{/branch}","tags_url":"https://api.github.com/repos/octocat/Hello-World/tags","blobs_url":"https://api.github.com/repos/octocat/Hello-World/git/blobs{/sha}","git_tags_url":"https://api.github.com/repos/octocat/Hello-World/git/tags{/sha}","git_refs_url":"https://api.github.com/repos/octocat/Hello-World/git/refs{/sha}","trees_url":"https://api.github.com/repos/octocat/Hello-World/git/trees{/sha}","statuses_url":"https://api.github.com/repos/octocat/Hello-World/statuses/{sha}","languages_url":"https://api.github.com/repos/octocat/Hello-World/languages","stargazers_url":"https://api.github.com/repos/octocat/Hello-World/stargazers","contributors_url":"https://api.github.com/repos/octocat/Hello-World/contributors","subscribers_url":"https://api.github.com/repos/octocat/Hello-World/subscribers","subscription_url":"https://api.github.com/repos/octocat/Hello-World/subscription","commits_url":"https://api.github.com/repos/octocat/Hello-World/commits{/sha}","git_commits_url":"https://api.github.com/repos/octocat/Hello-World/git/commits{/sha}","comments_url":"https://api.github.com/repos/octocat/Hello-World/comments{/number}","issue_comment_url":"https://api.github.com/repos/octocat/Hello-World/issues/comments{/number}","contents_url":"https://api.github.com/repos/octocat/Hello-World/contents/{+path}","compare_url":"https://api.github.com/repos/octocat/Hello-World/compare/{base}...{head}","merges_url":"https://api.github.com/repos/octocat/Hello-World/merges","archive_url":"https://api.github.com/repos/octocat/Hello-World/{archive_format}{/ref}","downloads_url":"https://api.github.com/repos/octocat/Hello-World/downloads","issues_url":"https://api.github.com/repos/octocat/Hello-World/issues{/number}","pulls_url":"https://api.github.com/repos/octocat/Hello-World/pulls{/number}","milestones_url":"https://api.github.com/repos/octocat/Hello-World/milestones{/number}","notifications_url":"https://api.github.com/repos/octocat/Hello-World/notifications{?since,all,participating}","labels_url":"https://api.github.com/repos/octocat/Hello-World/labels{/name}","releases_url":"https://api.github.com/repos/octocat/Hello-World/releases{/id}","deployments_url":"https://api.github.com/repos/octocat/Hello-World/deployments","created_at":"2011-01-26T19:01:12Z","updated_at":"2025-05-20T13:33:01Z","pushed_at":"2024-08-20T23:54:42Z","git_url":"git://github.com/octocat/Hello-World.git","ssh_url":"git@github.com:octocat/Hello-World.git","clone_url":"https://github.com/octocat/Hello-World.git","svn_url":"https://github.com/octocat/Hello-World","homepage":"","size":1,"stargazers_count":2946,"watchers_count":2946,"language":null,"has_issues":true,"has_projects":true,"has_downloads":true,"has_wiki":true,"has_pages":false,"has_discussions":false,"forks_count":2984,"mirror_url":null,"archived":false,"disabled":false,"open_issues_count":1702,"license":null,"allow_forking":true,"is_template":false,"web_commit_signoff_required":false,"topics":[],"visibility":"public","forks":2984,"open_issues":1702,"watchers":2946,"default_branch":"master","temp_clone_token":null,"network_count":2984,"subscribers_count":1733}, $)
00:21:04.280 [main] DEBUG com.networknt.schema.TypeValidator - validate( 1296269, {"id":1296269,"node_id":"MDEwOlJlcG9zaXRvcnkxMjk2MjY5","name":"Hello-World","full_name":"octocat/Hello-World","private":false,"owner":{"login":"octocat","id":583231,"node_id":"MDQ6VXNlcjU4MzIzMQ==","avatar_url":"https://avatars.githubusercontent.com/u/583231?v=4","gravatar_id":"","url":"https://api.github.com/users/octocat","html_url":"https://github.com/octocat","followers_url":"https://api.github.com/users/octocat/followers","following_url":"https://api.github.com/users/octocat/following{/other_user}","gists_url":"https://api.github.com/users/octocat/gists{/gist_id}","starred_url":"https://api.github.com/users/octocat/starred{/owner}{/repo}","subscriptions_url":"https://api.github.com/users/octocat/subscriptions","organizations_url":"https://api.github.com/users/octocat/orgs","repos_url":"https://api.github.com/users/octocat/repos","events_url":"https://api.github.com/users/octocat/events{/privacy}","received_events_url":"https://api.github.com/users/octocat/received_events","type":"User","user_view_type":"public","site_admin":false},"html_url":"https://github.com/octocat/Hello-World","description":"My first repository on GitHub!","fork":false,"url":"https://api.github.com/repos/octocat/Hello-World","forks_url":"https://api.github.com/repos/octocat/Hello-World/forks","keys_url":"https://api.github.com/repos/octocat/Hello-World/keys{/key_id}","collaborators_url":"https://api.github.com/repos/octocat/Hello-World/collaborators{/collaborator}","teams_url":"https://api.github.com/repos/octocat/Hello-World/teams","hooks_url":"https://api.github.com/repos/octocat/Hello-World/hooks","issue_events_url":"https://api.github.com/repos/octocat/Hello-World/issues/events{/number}","events_url":"https://api.github.com/repos/octocat/Hello-World/events","assignees_url":"https://api.github.com/repos/octocat/Hello-World/assignees{/user}","branches_url":"https://api.github.com/repos/octocat/Hello-World/branches{/branch}","tags_url":"https://api.github.com/repos/octocat/Hello-World/tags","blobs_url":"https://api.github.com/repos/octocat/Hello-World/git/blobs{/sha}","git_tags_url":"https://api.github.com/repos/octocat/Hello-World/git/tags{/sha}","git_refs_url":"https://api.github.com/repos/octocat/Hello-World/git/refs{/sha}","trees_url":"https://api.github.com/repos/octocat/Hello-World/git/trees{/sha}","statuses_url":"https://api.github.com/repos/octocat/Hello-World/statuses/{sha}","languages_url":"https://api.github.com/repos/octocat/Hello-World/languages","stargazers_url":"https://api.github.com/repos/octocat/Hello-World/stargazers","contributors_url":"https://api.github.com/repos/octocat/Hello-World/contributors","subscribers_url":"https://api.github.com/repos/octocat/Hello-World/subscribers","subscription_url":"https://api.github.com/repos/octocat/Hello-World/subscription","commits_url":"https://api.github.com/repos/octocat/Hello-World/commits{/sha}","git_commits_url":"https://api.github.com/repos/octocat/Hello-World/git/commits{/sha}","comments_url":"https://api.github.com/repos/octocat/Hello-World/comments{/number}","issue_comment_url":"https://api.github.com/repos/octocat/Hello-World/issues/comments{/number}","contents_url":"https://api.github.com/repos/octocat/Hello-World/contents/{+path}","compare_url":"https://api.github.com/repos/octocat/Hello-World/compare/{base}...{head}","merges_url":"https://api.github.com/repos/octocat/Hello-World/merges","archive_url":"https://api.github.com/repos/octocat/Hello-World/{archive_format}{/ref}","downloads_url":"https://api.github.com/repos/octocat/Hello-World/downloads","issues_url":"https://api.github.com/repos/octocat/Hello-World/issues{/number}","pulls_url":"https://api.github.com/repos/octocat/Hello-World/pulls{/number}","milestones_url":"https://api.github.com/repos/octocat/Hello-World/milestones{/number}","notifications_url":"https://api.github.com/repos/octocat/Hello-World/notifications{?since,all,participating}","labels_url":"https://api.github.com/repos/octocat/Hello-World/labels{/name}","releases_url":"https://api.github.com/repos/octocat/Hello-World/releases{/id}","deployments_url":"https://api.github.com/repos/octocat/Hello-World/deployments","created_at":"2011-01-26T19:01:12Z","updated_at":"2025-05-20T13:33:01Z","pushed_at":"2024-08-20T23:54:42Z","git_url":"git://github.com/octocat/Hello-World.git","ssh_url":"git@github.com:octocat/Hello-World.git","clone_url":"https://github.com/octocat/Hello-World.git","svn_url":"https://github.com/octocat/Hello-World","homepage":"","size":1,"stargazers_count":2946,"watchers_count":2946,"language":null,"has_issues":true,"has_projects":true,"has_downloads":true,"has_wiki":true,"has_pages":false,"has_discussions":false,"forks_count":2984,"mirror_url":null,"archived":false,"disabled":false,"open_issues_count":1702,"license":null,"allow_forking":true,"is_template":false,"web_commit_signoff_required":false,"topics":[],"visibility":"public","forks":2984,"open_issues":1702,"watchers":2946,"default_branch":"master","temp_clone_token":null,"network_count":2984,"subscribers_count":1733}, $.id)
00:21:04.282 [main] DEBUG com.networknt.schema.TypeValidator - validate( "Hello-World", {"id":1296269,"node_id":"MDEwOlJlcG9zaXRvcnkxMjk2MjY5","name":"Hello-World","full_name":"octocat/Hello-World","private":false,"owner":{"login":"octocat","id":583231,"node_id":"MDQ6VXNlcjU4MzIzMQ==","avatar_url":"https://avatars.githubusercontent.com/u/583231?v=4","gravatar_id":"","url":"https://api.github.com/users/octocat","html_url":"https://github.com/octocat","followers_url":"https://api.github.com/users/octocat/followers","following_url":"https://api.github.com/users/octocat/following{/other_user}","gists_url":"https://api.github.com/users/octocat/gists{/gist_id}","starred_url":"https://api.github.com/users/octocat/starred{/owner}{/repo}","subscriptions_url":"https://api.github.com/users/octocat/subscriptions","organizations_url":"https://api.github.com/users/octocat/orgs","repos_url":"https://api.github.com/users/octocat/repos","events_url":"https://api.github.com/users/octocat/events{/privacy}","received_events_url":"https://api.github.com/users/octocat/received_events","type":"User","user_view_type":"public","site_admin":false},"html_url":"https://github.com/octocat/Hello-World","description":"My first repository on GitHub!","fork":false,"url":"https://api.github.com/repos/octocat/Hello-World","forks_url":"https://api.github.com/repos/octocat/Hello-World/forks","keys_url":"https://api.github.com/repos/octocat/Hello-World/keys{/key_id}","collaborators_url":"https://api.github.com/repos/octocat/Hello-World/collaborators{/collaborator}","teams_url":"https://api.github.com/repos/octocat/Hello-World/teams","hooks_url":"https://api.github.com/repos/octocat/Hello-World/hooks","issue_events_url":"https://api.github.com/repos/octocat/Hello-World/issues/events{/number}","events_url":"https://api.github.com/repos/octocat/Hello-World/events","assignees_url":"https://api.github.com/repos/octocat/Hello-World/assignees{/user}","branches_url":"https://api.github.com/repos/octocat/Hello-World/branches{/branch}","tags_url":"https://api.github.com/repos/octocat/Hello-World/tags","blobs_url":"https://api.github.com/repos/octocat/Hello-World/git/blobs{/sha}","git_tags_url":"https://api.github.com/repos/octocat/Hello-World/git/tags{/sha}","git_refs_url":"https://api.github.com/repos/octocat/Hello-World/git/refs{/sha}","trees_url":"https://api.github.com/repos/octocat/Hello-World/git/trees{/sha}","statuses_url":"https://api.github.com/repos/octocat/Hello-World/statuses/{sha}","languages_url":"https://api.github.com/repos/octocat/Hello-World/languages","stargazers_url":"https://api.github.com/repos/octocat/Hello-World/stargazers","contributors_url":"https://api.github.com/repos/octocat/Hello-World/contributors","subscribers_url":"https://api.github.com/repos/octocat/Hello-World/subscribers","subscription_url":"https://api.github.com/repos/octocat/Hello-World/subscription","commits_url":"https://api.github.com/repos/octocat/Hello-World/commits{/sha}","git_commits_url":"https://api.github.com/repos/octocat/Hello-World/git/commits{/sha}","comments_url":"https://api.github.com/repos/octocat/Hello-World/comments{/number}","issue_comment_url":"https://api.github.com/repos/octocat/Hello-World/issues/comments{/number}","contents_url":"https://api.github.com/repos/octocat/Hello-World/contents/{+path}","compare_url":"https://api.github.com/repos/octocat/Hello-World/compare/{base}...{head}","merges_url":"https://api.github.com/repos/octocat/Hello-World/merges","archive_url":"https://api.github.com/repos/octocat/Hello-World/{archive_format}{/ref}","downloads_url":"https://api.github.com/repos/octocat/Hello-World/downloads","issues_url":"https://api.github.com/repos/octocat/Hello-World/issues{/number}","pulls_url":"https://api.github.com/repos/octocat/Hello-World/pulls{/number}","milestones_url":"https://api.github.com/repos/octocat/Hello-World/milestones{/number}","notifications_url":"https://api.github.com/repos/octocat/Hello-World/notifications{?since,all,participating}","labels_url":"https://api.github.com/repos/octocat/Hello-World/labels{/name}","releases_url":"https://api.github.com/repos/octocat/Hello-World/releases{/id}","deployments_url":"https://api.github.com/repos/octocat/Hello-World/deployments","created_at":"2011-01-26T19:01:12Z","updated_at":"2025-05-20T13:33:01Z","pushed_at":"2024-08-20T23:54:42Z","git_url":"git://github.com/octocat/Hello-World.git","ssh_url":"git@github.com:octocat/Hello-World.git","clone_url":"https://github.com/octocat/Hello-World.git","svn_url":"https://github.com/octocat/Hello-World","homepage":"","size":1,"stargazers_count":2946,"watchers_count":2946,"language":null,"has_issues":true,"has_projects":true,"has_downloads":true,"has_wiki":true,"has_pages":false,"has_discussions":false,"forks_count":2984,"mirror_url":null,"archived":false,"disabled":false,"open_issues_count":1702,"license":null,"allow_forking":true,"is_template":false,"web_commit_signoff_required":false,"topics":[],"visibility":"public","forks":2984,"open_issues":1702,"watchers":2946,"default_branch":"master","temp_clone_token":null,"network_count":2984,"subscribers_count":1733}, $.name)
00:21:04.283 [main] DEBUG com.networknt.schema.TypeValidator - validate( "octocat/Hello-World", {"id":1296269,"node_id":"MDEwOlJlcG9zaXRvcnkxMjk2MjY5","name":"Hello-World","full_name":"octocat/Hello-World","private":false,"owner":{"login":"octocat","id":583231,"node_id":"MDQ6VXNlcjU4MzIzMQ==","avatar_url":"https://avatars.githubusercontent.com/u/583231?v=4","gravatar_id":"","url":"https://api.github.com/users/octocat","html_url":"https://github.com/octocat","followers_url":"https://api.github.com/users/octocat/followers","following_url":"https://api.github.com/users/octocat/following{/other_user}","gists_url":"https://api.github.com/users/octocat/gists{/gist_id}","starred_url":"https://api.github.com/users/octocat/starred{/owner}{/repo}","subscriptions_url":"https://api.github.com/users/octocat/subscriptions","organizations_url":"https://api.github.com/users/octocat/orgs","repos_url":"https://api.github.com/users/octocat/repos","events_url":"https://api.github.com/users/octocat/events{/privacy}","received_events_url":"https://api.github.com/users/octocat/received_events","type":"User","user_view_type":"public","site_admin":false},"html_url":"https://github.com/octocat/Hello-World","description":"My first repository on GitHub!","fork":false,"url":"https://api.github.com/repos/octocat/Hello-World","forks_url":"https://api.github.com/repos/octocat/Hello-World/forks","keys_url":"https://api.github.com/repos/octocat/Hello-World/keys{/key_id}","collaborators_url":"https://api.github.com/repos/octocat/Hello-World/collaborators{/collaborator}","teams_url":"https://api.github.com/repos/octocat/Hello-World/teams","hooks_url":"https://api.github.com/repos/octocat/Hello-World/hooks","issue_events_url":"https://api.github.com/repos/octocat/Hello-World/issues/events{/number}","events_url":"https://api.github.com/repos/octocat/Hello-World/events","assignees_url":"https://api.github.com/repos/octocat/Hello-World/assignees{/user}","branches_url":"https://api.github.com/repos/octocat/Hello-World/branches{/branch}","tags_url":"https://api.github.com/repos/octocat/Hello-World/tags","blobs_url":"https://api.github.com/repos/octocat/Hello-World/git/blobs{/sha}","git_tags_url":"https://api.github.com/repos/octocat/Hello-World/git/tags{/sha}","git_refs_url":"https://api.github.com/repos/octocat/Hello-World/git/refs{/sha}","trees_url":"https://api.github.com/repos/octocat/Hello-World/git/trees{/sha}","statuses_url":"https://api.github.com/repos/octocat/Hello-World/statuses/{sha}","languages_url":"https://api.github.com/repos/octocat/Hello-World/languages","stargazers_url":"https://api.github.com/repos/octocat/Hello-World/stargazers","contributors_url":"https://api.github.com/repos/octocat/Hello-World/contributors","subscribers_url":"https://api.github.com/repos/octocat/Hello-World/subscribers","subscription_url":"https://api.github.com/repos/octocat/Hello-World/subscription","commits_url":"https://api.github.com/repos/octocat/Hello-World/commits{/sha}","git_commits_url":"https://api.github.com/repos/octocat/Hello-World/git/commits{/sha}","comments_url":"https://api.github.com/repos/octocat/Hello-World/comments{/number}","issue_comment_url":"https://api.github.com/repos/octocat/Hello-World/issues/comments{/number}","contents_url":"https://api.github.com/repos/octocat/Hello-World/contents/{+path}","compare_url":"https://api.github.com/repos/octocat/Hello-World/compare/{base}...{head}","merges_url":"https://api.github.com/repos/octocat/Hello-World/merges","archive_url":"https://api.github.com/repos/octocat/Hello-World/{archive_format}{/ref}","downloads_url":"https://api.github.com/repos/octocat/Hello-World/downloads","issues_url":"https://api.github.com/repos/octocat/Hello-World/issues{/number}","pulls_url":"https://api.github.com/repos/octocat/Hello-World/pulls{/number}","milestones_url":"https://api.github.com/repos/octocat/Hello-World/milestones{/number}","notifications_url":"https://api.github.com/repos/octocat/Hello-World/notifications{?since,all,participating}","labels_url":"https://api.github.com/repos/octocat/Hello-World/labels{/name}","releases_url":"https://api.github.com/repos/octocat/Hello-World/releases{/id}","deployments_url":"https://api.github.com/repos/octocat/Hello-World/deployments","created_at":"2011-01-26T19:01:12Z","updated_at":"2025-05-20T13:33:01Z","pushed_at":"2024-08-20T23:54:42Z","git_url":"git://github.com/octocat/Hello-World.git","ssh_url":"git@github.com:octocat/Hello-World.git","clone_url":"https://github.com/octocat/Hello-World.git","svn_url":"https://github.com/octocat/Hello-World","homepage":"","size":1,"stargazers_count":2946,"watchers_count":2946,"language":null,"has_issues":true,"has_projects":true,"has_downloads":true,"has_wiki":true,"has_pages":false,"has_discussions":false,"forks_count":2984,"mirror_url":null,"archived":false,"disabled":false,"open_issues_count":1702,"license":null,"allow_forking":true,"is_template":false,"web_commit_signoff_required":false,"topics":[],"visibility":"public","forks":2984,"open_issues":1702,"watchers":2946,"default_branch":"master","temp_clone_token":null,"network_count":2984,"subscribers_count":1733}, $.full_name)
00:21:04.286 [main] DEBUG com.networknt.schema.TypeValidator - validate( false, {"id":1296269,"node_id":"MDEwOlJlcG9zaXRvcnkxMjk2MjY5","name":"Hello-World","full_name":"octocat/Hello-World","private":false,"owner":{"login":"octocat","id":583231,"node_id":"MDQ6VXNlcjU4MzIzMQ==","avatar_url":"https://avatars.githubusercontent.com/u/583231?v=4","gravatar_id":"","url":"https://api.github.com/users/octocat","html_url":"https://github.com/octocat","followers_url":"https://api.github.com/users/octocat/followers","following_url":"https://api.github.com/users/octocat/following{/other_user}","gists_url":"https://api.github.com/users/octocat/gists{/gist_id}","starred_url":"https://api.github.com/users/octocat/starred{/owner}{/repo}","subscriptions_url":"https://api.github.com/users/octocat/subscriptions","organizations_url":"https://api.github.com/users/octocat/orgs","repos_url":"https://api.github.com/users/octocat/repos","events_url":"https://api.github.com/users/octocat/events{/privacy}","received_events_url":"https://api.github.com/users/octocat/received_events","type":"User","user_view_type":"public","site_admin":false},"html_url":"https://github.com/octocat/Hello-World","description":"My first repository on GitHub!","fork":false,"url":"https://api.github.com/repos/octocat/Hello-World","forks_url":"https://api.github.com/repos/octocat/Hello-World/forks","keys_url":"https://api.github.com/repos/octocat/Hello-World/keys{/key_id}","collaborators_url":"https://api.github.com/repos/octocat/Hello-World/collaborators{/collaborator}","teams_url":"https://api.github.com/repos/octocat/Hello-World/teams","hooks_url":"https://api.github.com/repos/octocat/Hello-World/hooks","issue_events_url":"https://api.github.com/repos/octocat/Hello-World/issues/events{/number}","events_url":"https://api.github.com/repos/octocat/Hello-World/events","assignees_url":"https://api.github.com/repos/octocat/Hello-World/assignees{/user}","branches_url":"https://api.github.com/repos/octocat/Hello-World/branches{/branch}","tags_url":"https://api.github.com/repos/octocat/Hello-World/tags","blobs_url":"https://api.github.com/repos/octocat/Hello-World/git/blobs{/sha}","git_tags_url":"https://api.github.com/repos/octocat/Hello-World/git/tags{/sha}","git_refs_url":"https://api.github.com/repos/octocat/Hello-World/git/refs{/sha}","trees_url":"https://api.github.com/repos/octocat/Hello-World/git/trees{/sha}","statuses_url":"https://api.github.com/repos/octocat/Hello-World/statuses/{sha}","languages_url":"https://api.github.com/repos/octocat/Hello-World/languages","stargazers_url":"https://api.github.com/repos/octocat/Hello-World/stargazers","contributors_url":"https://api.github.com/repos/octocat/Hello-World/contributors","subscribers_url":"https://api.github.com/repos/octocat/Hello-World/subscribers","subscription_url":"https://api.github.com/repos/octocat/Hello-World/subscription","commits_url":"https://api.github.com/repos/octocat/Hello-World/commits{/sha}","git_commits_url":"https://api.github.com/repos/octocat/Hello-World/git/commits{/sha}","comments_url":"https://api.github.com/repos/octocat/Hello-World/comments{/number}","issue_comment_url":"https://api.github.com/repos/octocat/Hello-World/issues/comments{/number}","contents_url":"https://api.github.com/repos/octocat/Hello-World/contents/{+path}","compare_url":"https://api.github.com/repos/octocat/Hello-World/compare/{base}...{head}","merges_url":"https://api.github.com/repos/octocat/Hello-World/merges","archive_url":"https://api.github.com/repos/octocat/Hello-World/{archive_format}{/ref}","downloads_url":"https://api.github.com/repos/octocat/Hello-World/downloads","issues_url":"https://api.github.com/repos/octocat/Hello-World/issues{/number}","pulls_url":"https://api.github.com/repos/octocat/Hello-World/pulls{/number}","milestones_url":"https://api.github.com/repos/octocat/Hello-World/milestones{/number}","notifications_url":"https://api.github.com/repos/octocat/Hello-World/notifications{?since,all,participating}","labels_url":"https://api.github.com/repos/octocat/Hello-World/labels{/name}","releases_url":"https://api.github.com/repos/octocat/Hello-World/releases{/id}","deployments_url":"https://api.github.com/repos/octocat/Hello-World/deployments","created_at":"2011-01-26T19:01:12Z","updated_at":"2025-05-20T13:33:01Z","pushed_at":"2024-08-20T23:54:42Z","git_url":"git://github.com/octocat/Hello-World.git","ssh_url":"git@github.com:octocat/Hello-World.git","clone_url":"https://github.com/octocat/Hello-World.git","svn_url":"https://github.com/octocat/Hello-World","homepage":"","size":1,"stargazers_count":2946,"watchers_count":2946,"language":null,"has_issues":true,"has_projects":true,"has_downloads":true,"has_wiki":true,"has_pages":false,"has_discussions":false,"forks_count":2984,"mirror_url":null,"archived":false,"disabled":false,"open_issues_count":1702,"license":null,"allow_forking":true,"is_template":false,"web_commit_signoff_required":false,"topics":[],"visibility":"public","forks":2984,"open_issues":1702,"watchers":2946,"default_branch":"master","temp_clone_token":null,"network_count":2984,"subscribers_count":1733}, $.private)
00:21:04.286 [main] DEBUG com.networknt.schema.PropertiesValidator - validate( {"login":"octocat","id":583231,"node_id":"MDQ6VXNlcjU4MzIzMQ==","avatar_url":"https://avatars.githubusercontent.com/u/583231?v=4","gravatar_id":"","url":"https://api.github.com/users/octocat","html_url":"https://github.com/octocat","followers_url":"https://api.github.com/users/octocat/followers","following_url":"https://api.github.com/users/octocat/following{/other_user}","gists_url":"https://api.github.com/users/octocat/gists{/gist_id}","starred_url":"https://api.github.com/users/octocat/starred{/owner}{/repo}","subscriptions_url":"https://api.github.com/users/octocat/subscriptions","organizations_url":"https://api.github.com/users/octocat/orgs","repos_url":"https://api.github.com/users/octocat/repos","events_url":"https://api.github.com/users/octocat/events{/privacy}","received_events_url":"https://api.github.com/users/octocat/received_events","type":"User","user_view_type":"public","site_admin":false}, {"id":1296269,"node_id":"MDEwOlJlcG9zaXRvcnkxMjk2MjY5","name":"Hello-World","full_name":"octocat/Hello-World","private":false,"owner":{"login":"octocat","id":583231,"node_id":"MDQ6VXNlcjU4MzIzMQ==","avatar_url":"https://avatars.githubusercontent.com/u/583231?v=4","gravatar_id":"","url":"https://api.github.com/users/octocat","html_url":"https://github.com/octocat","followers_url":"https://api.github.com/users/octocat/followers","following_url":"https://api.github.com/users/octocat/following{/other_user}","gists_url":"https://api.github.com/users/octocat/gists{/gist_id}","starred_url":"https://api.github.com/users/octocat/starred{/owner}{/repo}","subscriptions_url":"https://api.github.com/users/octocat/subscriptions","organizations_url":"https://api.github.com/users/octocat/orgs","repos_url":"https://api.github.com/users/octocat/repos","events_url":"https://api.github.com/users/octocat/events{/privacy}","received_events_url":"https://api.github.com/users/octocat/received_events","type":"User","user_view_type":"public","site_admin":false},"html_url":"https://github.com/octocat/Hello-World","description":"My first repository on GitHub!","fork":false,"url":"https://api.github.com/repos/octocat/Hello-World","forks_url":"https://api.github.com/repos/octocat/Hello-World/forks","keys_url":"https://api.github.com/repos/octocat/Hello-World/keys{/key_id}","collaborators_url":"https://api.github.com/repos/octocat/Hello-World/collaborators{/collaborator}","teams_url":"https://api.github.com/repos/octocat/Hello-World/teams","hooks_url":"https://api.github.com/repos/octocat/Hello-World/hooks","issue_events_url":"https://api.github.com/repos/octocat/Hello-World/issues/events{/number}","events_url":"https://api.github.com/repos/octocat/Hello-World/events","assignees_url":"https://api.github.com/repos/octocat/Hello-World/assignees{/user}","branches_url":"https://api.github.com/repos/octocat/Hello-World/branches{/branch}","tags_url":"https://api.github.com/repos/octocat/Hello-World/tags","blobs_url":"https://api.github.com/repos/octocat/Hello-World/git/blobs{/sha}","git_tags_url":"https://api.github.com/repos/octocat/Hello-World/git/tags{/sha}","git_refs_url":"https://api.github.com/repos/octocat/Hello-World/git/refs{/sha}","trees_url":"https://api.github.com/repos/octocat/Hello-World/git/trees{/sha}","statuses_url":"https://api.github.com/repos/octocat/Hello-World/statuses/{sha}","languages_url":"https://api.github.com/repos/octocat/Hello-World/languages","stargazers_url":"https://api.github.com/repos/octocat/Hello-World/stargazers","contributors_url":"https://api.github.com/repos/octocat/Hello-World/contributors","subscribers_url":"https://api.github.com/repos/octocat/Hello-World/subscribers","subscription_url":"https://api.github.com/repos/octocat/Hello-World/subscription","commits_url":"https://api.github.com/repos/octocat/Hello-World/commits{/sha}","git_commits_url":"https://api.github.com/repos/octocat/Hello-World/git/commits{/sha}","comments_url":"https://api.github.com/repos/octocat/Hello-World/comments{/number}","issue_comment_url":"https://api.github.com/repos/octocat/Hello-World/issues/comments{/number}","contents_url":"https://api.github.com/repos/octocat/Hello-World/contents/{+path}","compare_url":"https://api.github.com/repos/octocat/Hello-World/compare/{base}...{head}","merges_url":"https://api.github.com/repos/octocat/Hello-World/merges","archive_url":"https://api.github.com/repos/octocat/Hello-World/{archive_format}{/ref}","downloads_url":"https://api.github.com/repos/octocat/Hello-World/downloads","issues_url":"https://api.github.com/repos/octocat/Hello-World/issues{/number}","pulls_url":"https://api.github.com/repos/octocat/Hello-World/pulls{/number}","milestones_url":"https://api.github.com/repos/octocat/Hello-World/milestones{/number}","notifications_url":"https://api.github.com/repos/octocat/Hello-World/notifications{?since,all,participating}","labels_url":"https://api.github.com/repos/octocat/Hello-World/labels{/name}","releases_url":"https://api.github.com/repos/octocat/Hello-World/releases{/id}","deployments_url":"https://api.github.com/repos/octocat/Hello-World/deployments","created_at":"2011-01-26T19:01:12Z","updated_at":"2025-05-20T13:33:01Z","pushed_at":"2024-08-20T23:54:42Z","git_url":"git://github.com/octocat/Hello-World.git","ssh_url":"git@github.com:octocat/Hello-World.git","clone_url":"https://github.com/octocat/Hello-World.git","svn_url":"https://github.com/octocat/Hello-World","homepage":"","size":1,"stargazers_count":2946,"watchers_count":2946,"language":null,"has_issues":true,"has_projects":true,"has_downloads":true,"has_wiki":true,"has_pages":false,"has_discussions":false,"forks_count":2984,"mirror_url":null,"archived":false,"disabled":false,"open_issues_count":1702,"license":null,"allow_forking":true,"is_template":false,"web_commit_signoff_required":false,"topics":[],"visibility":"public","forks":2984,"open_issues":1702,"watchers":2946,"default_branch":"master","temp_clone_token":null,"network_count":2984,"subscribers_count":1733}, $.owner)
00:21:04.287 [main] DEBUG com.networknt.schema.TypeValidator - validate( "octocat", {"id":1296269,"node_id":"MDEwOlJlcG9zaXRvcnkxMjk2MjY5","name":"Hello-World","full_name":"octocat/Hello-World","private":false,"owner":{"login":"octocat","id":583231,"node_id":"MDQ6VXNlcjU4MzIzMQ==","avatar_url":"https://avatars.githubusercontent.com/u/583231?v=4","gravatar_id":"","url":"https://api.github.com/users/octocat","html_url":"https://github.com/octocat","followers_url":"https://api.github.com/users/octocat/followers","following_url":"https://api.github.com/users/octocat/following{/other_user}","gists_url":"https://api.github.com/users/octocat/gists{/gist_id}","starred_url":"https://api.github.com/users/octocat/starred{/owner}{/repo}","subscriptions_url":"https://api.github.com/users/octocat/subscriptions","organizations_url":"https://api.github.com/users/octocat/orgs","repos_url":"https://api.github.com/users/octocat/repos","events_url":"https://api.github.com/users/octocat/events{/privacy}","received_events_url":"https://api.github.com/users/octocat/received_events","type":"User","user_view_type":"public","site_admin":false},"html_url":"https://github.com/octocat/Hello-World","description":"My first repository on GitHub!","fork":false,"url":"https://api.github.com/repos/octocat/Hello-World","forks_url":"https://api.github.com/repos/octocat/Hello-World/forks","keys_url":"https://api.github.com/repos/octocat/Hello-World/keys{/key_id}","collaborators_url":"https://api.github.com/repos/octocat/Hello-World/collaborators{/collaborator}","teams_url":"https://api.github.com/repos/octocat/Hello-World/teams","hooks_url":"https://api.github.com/repos/octocat/Hello-World/hooks","issue_events_url":"https://api.github.com/repos/octocat/Hello-World/issues/events{/number}","events_url":"https://api.github.com/repos/octocat/Hello-World/events","assignees_url":"https://api.github.com/repos/octocat/Hello-World/assignees{/user}","branches_url":"https://api.github.com/repos/octocat/Hello-World/branches{/branch}","tags_url":"https://api.github.com/repos/octocat/Hello-World/tags","blobs_url":"https://api.github.com/repos/octocat/Hello-World/git/blobs{/sha}","git_tags_url":"https://api.github.com/repos/octocat/Hello-World/git/tags{/sha}","git_refs_url":"https://api.github.com/repos/octocat/Hello-World/git/refs{/sha}","trees_url":"https://api.github.com/repos/octocat/Hello-World/git/trees{/sha}","statuses_url":"https://api.github.com/repos/octocat/Hello-World/statuses/{sha}","languages_url":"https://api.github.com/repos/octocat/Hello-World/languages","stargazers_url":"https://api.github.com/repos/octocat/Hello-World/stargazers","contributors_url":"https://api.github.com/repos/octocat/Hello-World/contributors","subscribers_url":"https://api.github.com/repos/octocat/Hello-World/subscribers","subscription_url":"https://api.github.com/repos/octocat/Hello-World/subscription","commits_url":"https://api.github.com/repos/octocat/Hello-World/commits{/sha}","git_commits_url":"https://api.github.com/repos/octocat/Hello-World/git/commits{/sha}","comments_url":"https://api.github.com/repos/octocat/Hello-World/comments{/number}","issue_comment_url":"https://api.github.com/repos/octocat/Hello-World/issues/comments{/number}","contents_url":"https://api.github.com/repos/octocat/Hello-World/contents/{+path}","compare_url":"https://api.github.com/repos/octocat/Hello-World/compare/{base}...{head}","merges_url":"https://api.github.com/repos/octocat/Hello-World/merges","archive_url":"https://api.github.com/repos/octocat/Hello-World/{archive_format}{/ref}","downloads_url":"https://api.github.com/repos/octocat/Hello-World/downloads","issues_url":"https://api.github.com/repos/octocat/Hello-World/issues{/number}","pulls_url":"https://api.github.com/repos/octocat/Hello-World/pulls{/number}","milestones_url":"https://api.github.com/repos/octocat/Hello-World/milestones{/number}","notifications_url":"https://api.github.com/repos/octocat/Hello-World/notifications{?since,all,participating}","labels_url":"https://api.github.com/repos/octocat/Hello-World/labels{/name}","releases_url":"https://api.github.com/repos/octocat/Hello-World/releases{/id}","deployments_url":"https://api.github.com/repos/octocat/Hello-World/deployments","created_at":"2011-01-26T19:01:12Z","updated_at":"2025-05-20T13:33:01Z","pushed_at":"2024-08-20T23:54:42Z","git_url":"git://github.com/octocat/Hello-World.git","ssh_url":"git@github.com:octocat/Hello-World.git","clone_url":"https://github.com/octocat/Hello-World.git","svn_url":"https://github.com/octocat/Hello-World","homepage":"","size":1,"stargazers_count":2946,"watchers_count":2946,"language":null,"has_issues":true,"has_projects":true,"has_downloads":true,"has_wiki":true,"has_pages":false,"has_discussions":false,"forks_count":2984,"mirror_url":null,"archived":false,"disabled":false,"open_issues_count":1702,"license":null,"allow_forking":true,"is_template":false,"web_commit_signoff_required":false,"topics":[],"visibility":"public","forks":2984,"open_issues":1702,"watchers":2946,"default_branch":"master","temp_clone_token":null,"network_count":2984,"subscribers_count":1733}, $.owner.login)
00:21:04.288 [main] DEBUG com.networknt.schema.TypeValidator - validate( 583231, {"id":1296269,"node_id":"MDEwOlJlcG9zaXRvcnkxMjk2MjY5","name":"Hello-World","full_name":"octocat/Hello-World","private":false,"owner":{"login":"octocat","id":583231,"node_id":"MDQ6VXNlcjU4MzIzMQ==","avatar_url":"https://avatars.githubusercontent.com/u/583231?v=4","gravatar_id":"","url":"https://api.github.com/users/octocat","html_url":"https://github.com/octocat","followers_url":"https://api.github.com/users/octocat/followers","following_url":"https://api.github.com/users/octocat/following{/other_user}","gists_url":"https://api.github.com/users/octocat/gists{/gist_id}","starred_url":"https://api.github.com/users/octocat/starred{/owner}{/repo}","subscriptions_url":"https://api.github.com/users/octocat/subscriptions","organizations_url":"https://api.github.com/users/octocat/orgs","repos_url":"https://api.github.com/users/octocat/repos","events_url":"https://api.github.com/users/octocat/events{/privacy}","received_events_url":"https://api.github.com/users/octocat/received_events","type":"User","user_view_type":"public","site_admin":false},"html_url":"https://github.com/octocat/Hello-World","description":"My first repository on GitHub!","fork":false,"url":"https://api.github.com/repos/octocat/Hello-World","forks_url":"https://api.github.com/repos/octocat/Hello-World/forks","keys_url":"https://api.github.com/repos/octocat/Hello-World/keys{/key_id}","collaborators_url":"https://api.github.com/repos/octocat/Hello-World/collaborators{/collaborator}","teams_url":"https://api.github.com/repos/octocat/Hello-World/teams","hooks_url":"https://api.github.com/repos/octocat/Hello-World/hooks","issue_events_url":"https://api.github.com/repos/octocat/Hello-World/issues/events{/number}","events_url":"https://api.github.com/repos/octocat/Hello-World/events","assignees_url":"https://api.github.com/repos/octocat/Hello-World/assignees{/user}","branches_url":"https://api.github.com/repos/octocat/Hello-World/branches{/branch}","tags_url":"https://api.github.com/repos/octocat/Hello-World/tags","blobs_url":"https://api.github.com/repos/octocat/Hello-World/git/blobs{/sha}","git_tags_url":"https://api.github.com/repos/octocat/Hello-World/git/tags{/sha}","git_refs_url":"https://api.github.com/repos/octocat/Hello-World/git/refs{/sha}","trees_url":"https://api.github.com/repos/octocat/Hello-World/git/trees{/sha}","statuses_url":"https://api.github.com/repos/octocat/Hello-World/statuses/{sha}","languages_url":"https://api.github.com/repos/octocat/Hello-World/languages","stargazers_url":"https://api.github.com/repos/octocat/Hello-World/stargazers","contributors_url":"https://api.github.com/repos/octocat/Hello-World/contributors","subscribers_url":"https://api.github.com/repos/octocat/Hello-World/subscribers","subscription_url":"https://api.github.com/repos/octocat/Hello-World/subscription","commits_url":"https://api.github.com/repos/octocat/Hello-World/commits{/sha}","git_commits_url":"https://api.github.com/repos/octocat/Hello-World/git/commits{/sha}","comments_url":"https://api.github.com/repos/octocat/Hello-World/comments{/number}","issue_comment_url":"https://api.github.com/repos/octocat/Hello-World/issues/comments{/number}","contents_url":"https://api.github.com/repos/octocat/Hello-World/contents/{+path}","compare_url":"https://api.github.com/repos/octocat/Hello-World/compare/{base}...{head}","merges_url":"https://api.github.com/repos/octocat/Hello-World/merges","archive_url":"https://api.github.com/repos/octocat/Hello-World/{archive_format}{/ref}","downloads_url":"https://api.github.com/repos/octocat/Hello-World/downloads","issues_url":"https://api.github.com/repos/octocat/Hello-World/issues{/number}","pulls_url":"https://api.github.com/repos/octocat/Hello-World/pulls{/number}","milestones_url":"https://api.github.com/repos/octocat/Hello-World/milestones{/number}","notifications_url":"https://api.github.com/repos/octocat/Hello-World/notifications{?since,all,participating}","labels_url":"https://api.github.com/repos/octocat/Hello-World/labels{/name}","releases_url":"https://api.github.com/repos/octocat/Hello-World/releases{/id}","deployments_url":"https://api.github.com/repos/octocat/Hello-World/deployments","created_at":"2011-01-26T19:01:12Z","updated_at":"2025-05-20T13:33:01Z","pushed_at":"2024-08-20T23:54:42Z","git_url":"git://github.com/octocat/Hello-World.git","ssh_url":"git@github.com:octocat/Hello-World.git","clone_url":"https://github.com/octocat/Hello-World.git","svn_url":"https://github.com/octocat/Hello-World","homepage":"","size":1,"stargazers_count":2946,"watchers_count":2946,"language":null,"has_issues":true,"has_projects":true,"has_downloads":true,"has_wiki":true,"has_pages":false,"has_discussions":false,"forks_count":2984,"mirror_url":null,"archived":false,"disabled":false,"open_issues_count":1702,"license":null,"allow_forking":true,"is_template":false,"web_commit_signoff_required":false,"topics":[],"visibility":"public","forks":2984,"open_issues":1702,"watchers":2946,"default_branch":"master","temp_clone_token":null,"network_count":2984,"subscribers_count":1733}, $.owner.id)
00:21:04.288 [main] DEBUG com.networknt.schema.RequiredValidator - validate( {"login":"octocat","id":583231,"node_id":"MDQ6VXNlcjU4MzIzMQ==","avatar_url":"https://avatars.githubusercontent.com/u/583231?v=4","gravatar_id":"","url":"https://api.github.com/users/octocat","html_url":"https://github.com/octocat","followers_url":"https://api.github.com/users/octocat/followers","following_url":"https://api.github.com/users/octocat/following{/other_user}","gists_url":"https://api.github.com/users/octocat/gists{/gist_id}","starred_url":"https://api.github.com/users/octocat/starred{/owner}{/repo}","subscriptions_url":"https://api.github.com/users/octocat/subscriptions","organizations_url":"https://api.github.com/users/octocat/orgs","repos_url":"https://api.github.com/users/octocat/repos","events_url":"https://api.github.com/users/octocat/events{/privacy}","received_events_url":"https://api.github.com/users/octocat/received_events","type":"User","user_view_type":"public","site_admin":false}, {"id":1296269,"node_id":"MDEwOlJlcG9zaXRvcnkxMjk2MjY5","name":"Hello-World","full_name":"octocat/Hello-World","private":false,"owner":{"login":"octocat","id":583231,"node_id":"MDQ6VXNlcjU4MzIzMQ==","avatar_url":"https://avatars.githubusercontent.com/u/583231?v=4","gravatar_id":"","url":"https://api.github.com/users/octocat","html_url":"https://github.com/octocat","followers_url":"https://api.github.com/users/octocat/followers","following_url":"https://api.github.com/users/octocat/following{/other_user}","gists_url":"https://api.github.com/users/octocat/gists{/gist_id}","starred_url":"https://api.github.com/users/octocat/starred{/owner}{/repo}","subscriptions_url":"https://api.github.com/users/octocat/subscriptions","organizations_url":"https://api.github.com/users/octocat/orgs","repos_url":"https://api.github.com/users/octocat/repos","events_url":"https://api.github.com/users/octocat/events{/privacy}","received_events_url":"https://api.github.com/users/octocat/received_events","type":"User","user_view_type":"public","site_admin":false},"html_url":"https://github.com/octocat/Hello-World","description":"My first repository on GitHub!","fork":false,"url":"https://api.github.com/repos/octocat/Hello-World","forks_url":"https://api.github.com/repos/octocat/Hello-World/forks","keys_url":"https://api.github.com/repos/octocat/Hello-World/keys{/key_id}","collaborators_url":"https://api.github.com/repos/octocat/Hello-World/collaborators{/collaborator}","teams_url":"https://api.github.com/repos/octocat/Hello-World/teams","hooks_url":"https://api.github.com/repos/octocat/Hello-World/hooks","issue_events_url":"https://api.github.com/repos/octocat/Hello-World/issues/events{/number}","events_url":"https://api.github.com/repos/octocat/Hello-World/events","assignees_url":"https://api.github.com/repos/octocat/Hello-World/assignees{/user}","branches_url":"https://api.github.com/repos/octocat/Hello-World/branches{/branch}","tags_url":"https://api.github.com/repos/octocat/Hello-World/tags","blobs_url":"https://api.github.com/repos/octocat/Hello-World/git/blobs{/sha}","git_tags_url":"https://api.github.com/repos/octocat/Hello-World/git/tags{/sha}","git_refs_url":"https://api.github.com/repos/octocat/Hello-World/git/refs{/sha}","trees_url":"https://api.github.com/repos/octocat/Hello-World/git/trees{/sha}","statuses_url":"https://api.github.com/repos/octocat/Hello-World/statuses/{sha}","languages_url":"https://api.github.com/repos/octocat/Hello-World/languages","stargazers_url":"https://api.github.com/repos/octocat/Hello-World/stargazers","contributors_url":"https://api.github.com/repos/octocat/Hello-World/contributors","subscribers_url":"https://api.github.com/repos/octocat/Hello-World/subscribers","subscription_url":"https://api.github.com/repos/octocat/Hello-World/subscription","commits_url":"https://api.github.com/repos/octocat/Hello-World/commits{/sha}","git_commits_url":"https://api.github.com/repos/octocat/Hello-World/git/commits{/sha}","comments_url":"https://api.github.com/repos/octocat/Hello-World/comments{/number}","issue_comment_url":"https://api.github.com/repos/octocat/Hello-World/issues/comments{/number}","contents_url":"https://api.github.com/repos/octocat/Hello-World/contents/{+path}","compare_url":"https://api.github.com/repos/octocat/Hello-World/compare/{base}...{head}","merges_url":"https://api.github.com/repos/octocat/Hello-World/merges","archive_url":"https://api.github.com/repos/octocat/Hello-World/{archive_format}{/ref}","downloads_url":"https://api.github.com/repos/octocat/Hello-World/downloads","issues_url":"https://api.github.com/repos/octocat/Hello-World/issues{/number}","pulls_url":"https://api.github.com/repos/octocat/Hello-World/pulls{/number}","milestones_url":"https://api.github.com/repos/octocat/Hello-World/milestones{/number}","notifications_url":"https://api.github.com/repos/octocat/Hello-World/notifications{?since,all,participating}","labels_url":"https://api.github.com/repos/octocat/Hello-World/labels{/name}","releases_url":"https://api.github.com/repos/octocat/Hello-World/releases{/id}","deployments_url":"https://api.github.com/repos/octocat/Hello-World/deployments","created_at":"2011-01-26T19:01:12Z","updated_at":"2025-05-20T13:33:01Z","pushed_at":"2024-08-20T23:54:42Z","git_url":"git://github.com/octocat/Hello-World.git","ssh_url":"git@github.com:octocat/Hello-World.git","clone_url":"https://github.com/octocat/Hello-World.git","svn_url":"https://github.com/octocat/Hello-World","homepage":"","size":1,"stargazers_count":2946,"watchers_count":2946,"language":null,"has_issues":true,"has_projects":true,"has_downloads":true,"has_wiki":true,"has_pages":false,"has_discussions":false,"forks_count":2984,"mirror_url":null,"archived":false,"disabled":false,"open_issues_count":1702,"license":null,"allow_forking":true,"is_template":false,"web_commit_signoff_required":false,"topics":[],"visibility":"public","forks":2984,"open_issues":1702,"watchers":2946,"default_branch":"master","temp_clone_token":null,"network_count":2984,"subscribers_count":1733}, $.owner)
00:21:04.288 [main] DEBUG com.networknt.schema.TypeValidator - validate( {"login":"octocat","id":583231,"node_id":"MDQ6VXNlcjU4MzIzMQ==","avatar_url":"https://avatars.githubusercontent.com/u/583231?v=4","gravatar_id":"","url":"https://api.github.com/users/octocat","html_url":"https://github.com/octocat","followers_url":"https://api.github.com/users/octocat/followers","following_url":"https://api.github.com/users/octocat/following{/other_user}","gists_url":"https://api.github.com/users/octocat/gists{/gist_id}","starred_url":"https://api.github.com/users/octocat/starred{/owner}{/repo}","subscriptions_url":"https://api.github.com/users/octocat/subscriptions","organizations_url":"https://api.github.com/users/octocat/orgs","repos_url":"https://api.github.com/users/octocat/repos","events_url":"https://api.github.com/users/octocat/events{/privacy}","received_events_url":"https://api.github.com/users/octocat/received_events","type":"User","user_view_type":"public","site_admin":false}, {"id":1296269,"node_id":"MDEwOlJlcG9zaXRvcnkxMjk2MjY5","name":"Hello-World","full_name":"octocat/Hello-World","private":false,"owner":{"login":"octocat","id":583231,"node_id":"MDQ6VXNlcjU4MzIzMQ==","avatar_url":"https://avatars.githubusercontent.com/u/583231?v=4","gravatar_id":"","url":"https://api.github.com/users/octocat","html_url":"https://github.com/octocat","followers_url":"https://api.github.com/users/octocat/followers","following_url":"https://api.github.com/users/octocat/following{/other_user}","gists_url":"https://api.github.com/users/octocat/gists{/gist_id}","starred_url":"https://api.github.com/users/octocat/starred{/owner}{/repo}","subscriptions_url":"https://api.github.com/users/octocat/subscriptions","organizations_url":"https://api.github.com/users/octocat/orgs","repos_url":"https://api.github.com/users/octocat/repos","events_url":"https://api.github.com/users/octocat/events{/privacy}","received_events_url":"https://api.github.com/users/octocat/received_events","type":"User","user_view_type":"public","site_admin":false},"html_url":"https://github.com/octocat/Hello-World","description":"My first repository on GitHub!","fork":false,"url":"https://api.github.com/repos/octocat/Hello-World","forks_url":"https://api.github.com/repos/octocat/Hello-World/forks","keys_url":"https://api.github.com/repos/octocat/Hello-World/keys{/key_id}","collaborators_url":"https://api.github.com/repos/octocat/Hello-World/collaborators{/collaborator}","teams_url":"https://api.github.com/repos/octocat/Hello-World/teams","hooks_url":"https://api.github.com/repos/octocat/Hello-World/hooks","issue_events_url":"https://api.github.com/repos/octocat/Hello-World/issues/events{/number}","events_url":"https://api.github.com/repos/octocat/Hello-World/events","assignees_url":"https://api.github.com/repos/octocat/Hello-World/assignees{/user}","branches_url":"https://api.github.com/repos/octocat/Hello-World/branches{/branch}","tags_url":"https://api.github.com/repos/octocat/Hello-World/tags","blobs_url":"https://api.github.com/repos/octocat/Hello-World/git/blobs{/sha}","git_tags_url":"https://api.github.com/repos/octocat/Hello-World/git/tags{/sha}","git_refs_url":"https://api.github.com/repos/octocat/Hello-World/git/refs{/sha}","trees_url":"https://api.github.com/repos/octocat/Hello-World/git/trees{/sha}","statuses_url":"https://api.github.com/repos/octocat/Hello-World/statuses/{sha}","languages_url":"https://api.github.com/repos/octocat/Hello-World/languages","stargazers_url":"https://api.github.com/repos/octocat/Hello-World/stargazers","contributors_url":"https://api.github.com/repos/octocat/Hello-World/contributors","subscribers_url":"https://api.github.com/repos/octocat/Hello-World/subscribers","subscription_url":"https://api.github.com/repos/octocat/Hello-World/subscription","commits_url":"https://api.github.com/repos/octocat/Hello-World/commits{/sha}","git_commits_url":"https://api.github.com/repos/octocat/Hello-World/git/commits{/sha}","comments_url":"https://api.github.com/repos/octocat/Hello-World/comments{/number}","issue_comment_url":"https://api.github.com/repos/octocat/Hello-World/issues/comments{/number}","contents_url":"https://api.github.com/repos/octocat/Hello-World/contents/{+path}","compare_url":"https://api.github.com/repos/octocat/Hello-World/compare/{base}...{head}","merges_url":"https://api.github.com/repos/octocat/Hello-World/merges","archive_url":"https://api.github.com/repos/octocat/Hello-World/{archive_format}{/ref}","downloads_url":"https://api.github.com/repos/octocat/Hello-World/downloads","issues_url":"https://api.github.com/repos/octocat/Hello-World/issues{/number}","pulls_url":"https://api.github.com/repos/octocat/Hello-World/pulls{/number}","milestones_url":"https://api.github.com/repos/octocat/Hello-World/milestones{/number}","notifications_url":"https://api.github.com/repos/octocat/Hello-World/notifications{?since,all,participating}","labels_url":"https://api.github.com/repos/octocat/Hello-World/labels{/name}","releases_url":"https://api.github.com/repos/octocat/Hello-World/releases{/id}","deployments_url":"https://api.github.com/repos/octocat/Hello-World/deployments","created_at":"2011-01-26T19:01:12Z","updated_at":"2025-05-20T13:33:01Z","pushed_at":"2024-08-20T23:54:42Z","git_url":"git://github.com/octocat/Hello-World.git","ssh_url":"git@github.com:octocat/Hello-World.git","clone_url":"https://github.com/octocat/Hello-World.git","svn_url":"https://github.com/octocat/Hello-World","homepage":"","size":1,"stargazers_count":2946,"watchers_count":2946,"language":null,"has_issues":true,"has_projects":true,"has_downloads":true,"has_wiki":true,"has_pages":false,"has_discussions":false,"forks_count":2984,"mirror_url":null,"archived":false,"disabled":false,"open_issues_count":1702,"license":null,"allow_forking":true,"is_template":false,"web_commit_signoff_required":false,"topics":[],"visibility":"public","forks":2984,"open_issues":1702,"watchers":2946,"default_branch":"master","temp_clone_token":null,"network_count":2984,"subscribers_count":1733}, $.owner)
00:21:04.289 [main] DEBUG com.networknt.schema.RequiredValidator - validate( {"id":1296269,"node_id":"MDEwOlJlcG9zaXRvcnkxMjk2MjY5","name":"Hello-World","full_name":"octocat/Hello-World","private":false,"owner":{"login":"octocat","id":583231,"node_id":"MDQ6VXNlcjU4MzIzMQ==","avatar_url":"https://avatars.githubusercontent.com/u/583231?v=4","gravatar_id":"","url":"https://api.github.com/users/octocat","html_url":"https://github.com/octocat","followers_url":"https://api.github.com/users/octocat/followers","following_url":"https://api.github.com/users/octocat/following{/other_user}","gists_url":"https://api.github.com/users/octocat/gists{/gist_id}","starred_url":"https://api.github.com/users/octocat/starred{/owner}{/repo}","subscriptions_url":"https://api.github.com/users/octocat/subscriptions","organizations_url":"https://api.github.com/users/octocat/orgs","repos_url":"https://api.github.com/users/octocat/repos","events_url":"https://api.github.com/users/octocat/events{/privacy}","received_events_url":"https://api.github.com/users/octocat/received_events","type":"User","user_view_type":"public","site_admin":false},"html_url":"https://github.com/octocat/Hello-World","description":"My first repository on GitHub!","fork":false,"url":"https://api.github.com/repos/octocat/Hello-World","forks_url":"https://api.github.com/repos/octocat/Hello-World/forks","keys_url":"https://api.github.com/repos/octocat/Hello-World/keys{/key_id}","collaborators_url":"https://api.github.com/repos/octocat/Hello-World/collaborators{/collaborator}","teams_url":"https://api.github.com/repos/octocat/Hello-World/teams","hooks_url":"https://api.github.com/repos/octocat/Hello-World/hooks","issue_events_url":"https://api.github.com/repos/octocat/Hello-World/issues/events{/number}","events_url":"https://api.github.com/repos/octocat/Hello-World/events","assignees_url":"https://api.github.com/repos/octocat/Hello-World/assignees{/user}","branches_url":"https://api.github.com/repos/octocat/Hello-World/branches{/branch}","tags_url":"https://api.github.com/repos/octocat/Hello-World/tags","blobs_url":"https://api.github.com/repos/octocat/Hello-World/git/blobs{/sha}","git_tags_url":"https://api.github.com/repos/octocat/Hello-World/git/tags{/sha}","git_refs_url":"https://api.github.com/repos/octocat/Hello-World/git/refs{/sha}","trees_url":"https://api.github.com/repos/octocat/Hello-World/git/trees{/sha}","statuses_url":"https://api.github.com/repos/octocat/Hello-World/statuses/{sha}","languages_url":"https://api.github.com/repos/octocat/Hello-World/languages","stargazers_url":"https://api.github.com/repos/octocat/Hello-World/stargazers","contributors_url":"https://api.github.com/repos/octocat/Hello-World/contributors","subscribers_url":"https://api.github.com/repos/octocat/Hello-World/subscribers","subscription_url":"https://api.github.com/repos/octocat/Hello-World/subscription","commits_url":"https://api.github.com/repos/octocat/Hello-World/commits{/sha}","git_commits_url":"https://api.github.com/repos/octocat/Hello-World/git/commits{/sha}","comments_url":"https://api.github.com/repos/octocat/Hello-World/comments{/number}","issue_comment_url":"https://api.github.com/repos/octocat/Hello-World/issues/comments{/number}","contents_url":"https://api.github.com/repos/octocat/Hello-World/contents/{+path}","compare_url":"https://api.github.com/repos/octocat/Hello-World/compare/{base}...{head}","merges_url":"https://api.github.com/repos/octocat/Hello-World/merges","archive_url":"https://api.github.com/repos/octocat/Hello-World/{archive_format}{/ref}","downloads_url":"https://api.github.com/repos/octocat/Hello-World/downloads","issues_url":"https://api.github.com/repos/octocat/Hello-World/issues{/number}","pulls_url":"https://api.github.com/repos/octocat/Hello-World/pulls{/number}","milestones_url":"https://api.github.com/repos/octocat/Hello-World/milestones{/number}","notifications_url":"https://api.github.com/repos/octocat/Hello-World/notifications{?since,all,participating}","labels_url":"https://api.github.com/repos/octocat/Hello-World/labels{/name}","releases_url":"https://api.github.com/repos/octocat/Hello-World/releases{/id}","deployments_url":"https://api.github.com/repos/octocat/Hello-World/deployments","created_at":"2011-01-26T19:01:12Z","upd
[...]
ks_url":"https://api.github.com/repos/octocat/Hello-World/hooks","issue_events_url":"https://api.github.com/repos/octocat/Hello-World/issues/events{/number}","events_url":"https://api.github.com/repos/octocat/Hello-World/events","assignees_url":"https://api.github.com/repos/octocat/Hello-World/assignees{/user}","branches_url":"https://api.github.com/repos/octocat/Hello-World/branches{/branch}","tags_url":"https://api.github.com/repos/octocat/Hello-World/tags","blobs_url":"https://api.github.com/repos/octocat/Hello-World/git/blobs{/sha}","git_tags_url":"https://api.github.com/repos/octocat/Hello-World/git/tags{/sha}","git_refs_url":"https://api.github.com/repos/octocat/Hello-World/git/refs{/sha}","trees_url":"https://api.github.com/repos/octocat/Hello-World/git/trees{/sha}","statuses_url":"https://api.github.com/repos/octocat/Hello-World/statuses/{sha}","languages_url":"https://api.github.com/repos/octocat/Hello-World/languages","stargazers_url":"https://api.github.com/repos/octocat/Hello-World/stargazers","contributors_url":"https://api.github.com/repos/octocat/Hello-World/contributors","subscribers_url":"https://api.github.com/repos/octocat/Hello-World/subscribers","subscription_url":"https://api.github.com/repos/octocat/Hello-World/subscription","commits_url":"https://api.github.com/repos/octocat/Hello-World/commits{/sha}","git_commits_url":"https://api.github.com/repos/octocat/Hello-World/git/commits{/sha}","comments_url":"https://api.github.com/repos/octocat/Hello-World/comments{/number}","issue_comment_url":"https://api.github.com/repos/octocat/Hello-World/issues/comments{/number}","contents_url":"https://api.github.com/repos/octocat/Hello-World/contents/{+path}","compare_url":"https://api.github.com/repos/octocat/Hello-World/compare/{base}...{head}","merges_url":"https://api.github.com/repos/octocat/Hello-World/merges","archive_url":"https://api.github.com/repos/octocat/Hello-World/{archive_format}{/ref}","downloads_url":"https://api.github.com/repos/octocat/Hello-World/downloads","issues_url":"https://api.github.com/repos/octocat/Hello-World/issues{/number}","pulls_url":"https://api.github.com/repos/octocat/Hello-World/pulls{/number}","milestones_url":"https://api.github.com/repos/octocat/Hello-World/milestones{/number}","notifications_url":"https://api.github.com/repos/octocat/Hello-World/notifications{?since,all,participating}","labels_url":"https://api.github.com/repos/octocat/Hello-World/labels{/name}","releases_url":"https://api.github.com/repos/octocat/Hello-World/releases{/id}","deployments_url":"https://api.github.com/repos/octocat/Hello-World/deployments","created_at":"2011-01-26T19:01:12Z","updated_at":"2025-05-20T13:33:01Z","pushed_at":"2024-08-20T23:54:42Z","git_url":"git://github.com/octocat/Hello-World.git","ssh_url":"git@github.com:octocat/Hello-World.git","clone_url":"https://github.com/octocat/Hello-World.git","svn_url":"https://github.com/octocat/Hello-World","homepage":"","size":1,"stargazers_count":2946,"watchers_count":2946,"language":null,"has_issues":true,"has_projects":true,"has_downloads":true,"has_wiki":true,"has_pages":false,"has_discussions":false,"forks_count":2984,"mirror_url":null,"archived":false,"disabled":false,"open_issues_count":1702,"license":null,"allow_forking":true,"is_template":false,"web_commit_signoff_required":false,"topics":[],"visibility":"public","forks":2984,"open_issues":1702,"watchers":2946,"default_branch":"master","temp_clone_token":null,"network_count":2984,"subscribers_count":1733}, $)
00:21:06.993 [main] INFO com.healthmonitor.api.HealthChecker - 
Checking https://api.github.com/repos/octocat/Hello-World:
00:21:06.993 [main] INFO com.healthmonitor.api.HealthChecker - Status: 200
00:21:06.993 [main] INFO com.healthmonitor.api.HealthChecker - Response Time: 281ms
00:21:06.993 [main] INFO com.healthmonitor.api.HealthChecker - Schema Valid: true
00:21:06.993 [main] INFO com.healthmonitor.api.HealthChecker - 
Checking https://api.github.com/repos/octocat/Hello-World:
00:21:06.993 [main] INFO com.healthmonitor.api.HealthChecker - Status: 200
00:21:06.993 [main] INFO com.healthmonitor.api.HealthChecker - Response Time: 281ms
00:21:06.993 [main] INFO com.healthmonitor.api.HealthChecker - Schema Valid: true
00:21:07.021 [main] DEBUG org.apache.http.impl.conn.BasicClientConnectionManager - Get connection for route {s}->https://api.open-meteo.com:443
00:21:07.021 [main] DEBUG org.apache.http.impl.conn.DefaultClientConnectionOperator - Connecting to api.open-meteo.com:443
00:21:07.658 [main] DEBUG org.apache.http.client.protocol.RequestAddCookies - CookieSpec selected: ignoreCookies
00:21:07.658 [main] DEBUG org.apache.http.client.protocol.RequestAuthCache - Auth cache not set in the context
00:21:07.658 [main] DEBUG org.apache.http.client.protocol.RequestTargetAuthentication - Target auth state: UNCHALLENGED
00:21:07.658 [main] DEBUG org.apache.http.client.protocol.RequestProxyAuthentication - Proxy auth state: UNCHALLENGED
00:21:07.658 [main] DEBUG org.apache.http.impl.client.DefaultHttpClient - Attempt 1 to execute request
00:21:07.658 [main] DEBUG org.apache.http.impl.conn.DefaultClientConnection - Sending request: GET /v1/forecast?latitude=35&longitude=139&current_weather=true HTTP/1.1
00:21:07.659 [main] DEBUG org.apache.http.wire -  >> "GET /v1/forecast?latitude=35&longitude=139&current_weather=true HTTP/1.1[\r][\n]"
00:21:07.659 [main] DEBUG org.apache.http.wire -  >> "Accept: */*[\r][\n]"
00:21:07.659 [main] DEBUG org.apache.http.wire -  >> "Host: api.open-meteo.com[\r][\n]"
00:21:07.664 [main] DEBUG org.apache.http.wire -  >> "Connection: Keep-Alive[\r][\n]"
00:21:07.665 [main] DEBUG org.apache.http.wire -  >> "User-Agent: Apache-HttpClient/4.5.14 (Java/16.0.1)[\r][\n]"
00:21:07.665 [main] DEBUG org.apache.http.wire -  >> "Accept-Encoding: gzip,deflate[\r][\n]"
00:21:07.665 [main] DEBUG org.apache.http.wire -  >> "[\r][\n]"
00:21:07.665 [main] DEBUG org.apache.http.headers - >> GET /v1/forecast?latitude=35&longitude=139&current_weather=true HTTP/1.1
00:21:07.665 [main] DEBUG org.apache.http.headers - >> Accept: */*
00:21:07.665 [main] DEBUG org.apache.http.headers - >> Host: api.open-meteo.com
00:21:07.665 [main] DEBUG org.apache.http.headers - >> Connection: Keep-Alive
00:21:07.665 [main] DEBUG org.apache.http.headers - >> User-Agent: Apache-HttpClient/4.5.14 (Java/16.0.1)
00:21:07.665 [main] DEBUG org.apache.http.headers - >> Accept-Encoding: gzip,deflate
00:21:07.875 [main] DEBUG org.apache.http.wire -  << "HTTP/1.1 200 OK[\r][\n]"
00:21:07.876 [main] DEBUG org.apache.http.wire -  << "Date: Tue, 20 May 2025 18:51:07 GMT[\r][\n]"
00:21:07.876 [main] DEBUG org.apache.http.wire -  << "Content-Type: application/json; charset=utf-8[\r][\n]"
00:21:07.876 [main] DEBUG org.apache.http.wire -  << "Transfer-Encoding: chunked[\r][\n]"
00:21:07.876 [main] DEBUG org.apache.http.wire -  << "Connection: keep-alive[\r][\n]"
00:21:07.876 [main] DEBUG org.apache.http.wire -  << "Content-Encoding: deflate[\r][\n]"
00:21:07.876 [main] DEBUG org.apache.http.wire -  << "[\r][\n]"
00:21:07.876 [main] DEBUG org.apache.http.impl.conn.DefaultClientConnection - Receiving response: HTTP/1.1 200 OK
00:21:07.876 [main] DEBUG org.apache.http.headers - << HTTP/1.1 200 OK
00:21:07.876 [main] DEBUG org.apache.http.headers - << Date: Tue, 20 May 2025 18:51:07 GMT
00:21:07.876 [main] DEBUG org.apache.http.headers - << Content-Type: application/json; charset=utf-8
00:21:07.876 [main] DEBUG org.apache.http.headers - << Transfer-Encoding: chunked
00:21:07.876 [main] DEBUG org.apache.http.headers - << Connection: keep-alive
00:21:07.876 [main] DEBUG org.apache.http.headers - << Content-Encoding: deflate
00:21:07.877 [main] DEBUG org.apache.http.impl.client.DefaultHttpClient - Connection can be kept alive indefinitely
00:21:07.880 [main] DEBUG io.restassured.internal.RequestSpecificationImpl$RestAssuredHttpBuilder - Parsing response as: application/json; charset=utf-8
00:21:07.880 [main] DEBUG io.restassured.internal.RequestSpecificationImpl$RestAssuredHttpBuilder - Parsed data to instance of: class org.apache.http.conn.EofSensorInputStream
00:21:07.882 [main] DEBUG org.apache.http.wire -  << "10b[\r][\n]"
00:21:07.883 [main] DEBUG org.apache.http.wire -  << "x[0x9c]d[0x90][0xcd]r[0x82]0[0x14]F_[0xa5][0x93]5[0xd2][0x9b]@[0xf8][0xdb]v[0xd1][0x95];[0xf7][0x19][0x84][0xab]f[0x84][0xc4][0x9][0x1][0xc6]:[0xbc][0x93][0xcf][0xe0][0x93]5[0xa1][0xb4]V[0xdd]%'[0xdf][0xfd][0xee][0x99]\HSZi[0xfb][0x1a]I[0x11][0xf1][0x10][0x2][0xd2]h[0xb5]_[0x0][0x8d]rO[0xf6][0xa8][0xd0][0xb8][0x94]VV[0xb6]([0xda][0x8e][0x14][0x10]B[0xc4]!NyD)Ks[0x96]'y@z[[0x9][0xbd][0xdb]uhE[0x87][0x95]V[0xb5][0xf][0x6][0xc4][0xf]}i[0xe5][0xfa][0xc8][0xe7]zC[0xee]@[0x94][0xdb][0xad][0xc1]A[0xce][0xd5][0xaf][0xd8][0xe0][0xb0][0x10][0x16][0xc5]~[0xd5][0x1b][0x83][0xca][0x8a][0x11]K{@#z%[0xad][0xab][0xbe][0xcc]EnNv:K[0x80][0xba]Y[0xa9],[0x9a][0xa1]l[0x1c][0xfc]5p[0xeb][0xb0]=y[0xff][0xde][0xf8][0xf0][0xed][0xfa][0xe1][0xd8]([0xdd][0xdb][0x9][0xb1]v[0xe4][0xd8][0xbe][0x1f][0x16]TK[0x83][0xd5]bs[0xbb][0xfa][0xc2]N[0xd4][0xe5][0xd9][0xdd]|[0xe0]g}[0xa5][0xfd][0xd7][0x90][0xb1][0xd5]o[0xf3]qz[0x11][0xfc][0xa7][0xc6][0x80][0xf1][0x15][0xf0][0x15][0x83][\r][0xcd][0x8a][0x98]?8[0xe6][0x0]Ov[0xc]B[0xfa] [0x97][0x86][0xc9][0x8b][0x19]K[0xb3][0xbb][0x18]<y[0xb1]i[0xfa][0x6][0x0][0x0][0xff][0xff]"
00:21:07.883 [main] DEBUG org.apache.http.wire -  << "[\r][\n]"
00:21:07.883 [main] DEBUG org.apache.http.wire -  << "6[\r][\n]"
00:21:07.883 [main] DEBUG org.apache.http.wire -  << "[0x3][0x0][0xc4][0xf6][0x98][0xb2]"
00:21:07.883 [main] DEBUG org.apache.http.wire -  << "[\r][\n]"
00:21:07.883 [main] DEBUG org.apache.http.wire -  << "0[\r][\n]"
00:21:07.883 [main] DEBUG org.apache.http.wire -  << "[\r][\n]"
00:21:07.883 [main] DEBUG org.apache.http.impl.conn.BasicClientConnectionManager - Releasing connection org.apache.http.impl.conn.ManagedClientConnectionImpl@7e1ffe70
00:21:07.883 [main] DEBUG org.apache.http.impl.conn.BasicClientConnectionManager - Connection can be kept alive indefinitely
00:21:07.892 [main] DEBUG com.networknt.schema.PropertiesValidator - validate( {"latitude":35.0,"longitude":139.0,"generationtime_ms":0.03504753112792969,"utc_offset_seconds":0,"timezone":"GMT","timezone_abbreviation":"GMT","elevation":234.0,"current_weather_units":{"time":"iso8601","interval":"seconds","temperature":"°C","windspeed":"km/h","winddirection":"°","is_day":"","weathercode":"wmo code"},"current_weather":{"time":"2025-05-20T18:45","interval":900,"temperature":20.1,"windspeed":7.6,"winddirection":278,"is_day":0,"weathercode":2}}, {"latitude":35.0,"longitude":139.0,"generationtime_ms":0.03504753112792969,"utc_offset_seconds":0,"timezone":"GMT","timezone_abbreviation":"GMT","elevation":234.0,"current_weather_units":{"time":"iso8601","interval":"seconds","temperature":"°C","windspeed":"km/h","winddirection":"°","is_day":"","weathercode":"wmo code"},"current_weather":{"time":"2025-05-20T18:45","interval":900,"temperature":20.1,"windspeed":7.6,"winddirection":278,"is_day":0,"weathercode":2}}, $)
00:21:07.894 [main] DEBUG com.networknt.schema.TypeValidator - validate( 35.0, {"latitude":35.0,"longitude":139.0,"generationtime_ms":0.03504753112792969,"utc_offset_seconds":0,"timezone":"GMT","timezone_abbreviation":"GMT","elevation":234.0,"current_weather_units":{"time":"iso8601","interval":"seconds","temperature":"°C","windspeed":"km/h","winddirection":"°","is_day":"","weathercode":"wmo code"},"current_weather":{"time":"2025-05-20T18:45","interval":900,"temperature":20.1,"windspeed":7.6,"winddirection":278,"is_day":0,"weathercode":2}}, $.latitude)
00:21:07.895 [main] DEBUG com.networknt.schema.TypeValidator - validate( 139.0, {"latitude":35.0,"longitude":139.0,"generationtime_ms":0.03504753112792969,"utc_offset_seconds":0,"timezone":"GMT","timezone_abbreviation":"GMT","elevation":234.0,"current_weather_units":{"time":"iso8601","interval":"seconds","temperature":"°C","windspeed":"km/h","winddirection":"°","is_day":"","weathercode":"wmo code"},"current_weather":{"time":"2025-05-20T18:45","interval":900,"temperature":20.1,"windspeed":7.6,"winddirection":278,"is_day":0,"weathercode":2}}, $.longitude)
00:21:07.895 [main] DEBUG com.networknt.schema.PropertiesValidator - validate( {"time":"2025-05-20T18:45","interval":900,"temperature":20.1,"windspeed":7.6,"winddirection":278,"is_day":0,"weathercode":2}, {"latitude":35.0,"longitude":139.0,"generationtime_ms":0.03504753112792969,"utc_offset_seconds":0,"timezone":"GMT","timezone_abbreviation":"GMT","elevation":234.0,"current_weather_units":{"time":"iso8601","interval":"seconds","temperature":"°C","windspeed":"km/h","winddirection":"°","is_day":"","weathercode":"wmo code"},"current_weather":{"time":"2025-05-20T18:45","interval":900,"temperature":20.1,"windspeed":7.6,"winddirection":278,"is_day":0,"weathercode":2}}, $.current_weather)
00:21:07.895 [main] DEBUG com.networknt.schema.TypeValidator - validate( 20.1, {"latitude":35.0,"longitude":139.0,"generationtime_ms":0.03504753112792969,"utc_offset_seconds":0,"timezone":"GMT","timezone_abbreviation":"GMT","elevation":234.0,"current_weather_units":{"time":"iso8601","interval":"seconds","temperature":"°C","windspeed":"km/h","winddirection":"°","is_day":"","weathercode":"wmo code"},"current_weather":{"time":"2025-05-20T18:45","interval":900,"temperature":20.1,"windspeed":7.6,"winddirection":278,"is_day":0,"weathercode":2}}, $.current_weather.temperature)
00:21:07.896 [main] DEBUG com.networknt.schema.TypeValidator - validate( 7.6, {"latitude":35.0,"longitude":139.0,"generationtime_ms":0.03504753112792969,"utc_offset_seconds":0,"timezone":"GMT","timezone_abbreviation":"GMT","elevation":234.0,"current_weather_units":{"time":"iso8601","interval":"seconds","temperature":"°C","windspeed":"km/h","winddirection":"°","is_day":"","weathercode":"wmo code"},"current_weather":{"time":"2025-05-20T18:45","interval":900,"temperature":20.1,"windspeed":7.6,"winddirection":278,"is_day":0,"weathercode":2}}, $.current_weather.windspeed)
00:21:07.896 [main] DEBUG com.networknt.schema.TypeValidator - validate( 278, {"latitude":35.0,"longitude":139.0,"generationtime_ms":0.03504753112792969,"utc_offset_seconds":0,"timezone":"GMT","timezone_abbreviation":"GMT","elevation":234.0,"current_weather_units":{"time":"iso8601","interval":"seconds","temperature":"°C","windspeed":"km/h","winddirection":"°","is_day":"","weathercode":"wmo code"},"current_weather":{"time":"2025-05-20T18:45","interval":900,"temperature":20.1,"windspeed":7.6,"winddirection":278,"is_day":0,"weathercode":2}}, $.current_weather.winddirection)
00:21:07.897 [main] DEBUG com.networknt.schema.TypeValidator - validate( 2, {"latitude":35.0,"longitude":139.0,"generationtime_ms":0.03504753112792969,"utc_offset_seconds":0,"timezone":"GMT","timezone_abbreviation":"GMT","elevation":234.0,"current_weather_units":{"time":"iso8601","interval":"seconds","temperature":"°C","windspeed":"km/h","winddirection":"°","is_day":"","weathercode":"wmo code"},"current_weather":{"time":"2025-05-20T18:45","interval":900,"temperature":20.1,"windspeed":7.6,"winddirection":278,"is_day":0,"weathercode":2}}, $.current_weather.weathercode)
00:21:07.897 [main] DEBUG com.networknt.schema.TypeValidator - validate( "2025-05-20T18:45", {"latitude":35.0,"longitude":139.0,"generationtime_ms":0.03504753112792969,"utc_offset_seconds":0,"timezone":"GMT","timezone_abbreviation":"GMT","elevation":234.0,"current_weather_units":{"time":"iso8601","interval":"seconds","temperature":"°C","windspeed":"km/h","winddirection":"°","is_day":"","weathercode":"wmo code"},"current_weather":{"time":"2025-05-20T18:45","interval":900,"temperature":20.1,"windspeed":7.6,"winddirection":278,"is_day":0,"weathercode":2}}, $.current_weather.time)
00:21:07.897 [main] DEBUG com.networknt.schema.RequiredValidator - validate( {"time":"2025-05-20T18:45","interval":900,"temperature":20.1,"windspeed":7.6,"winddirection":278,"is_day":0,"weathercode":2}, {"latitude":35.0,"longitude":139.0,"generationtime_ms":0.03504753112792969,"utc_offset_seconds":0,"timezone":"GMT","timezone_abbreviation":"GMT","elevation":234.0,"current_weather_units":{"time":"iso8601","interval":"seconds","temperature":"°C","windspeed":"km/h","winddirection":"°","is_day":"","weathercode":"wmo code"},"current_weather":{"time":"2025-05-20T18:45","interval":900,"temperature":20.1,"windspeed":7.6,"winddirection":278,"is_day":0,"weathercode":2}}, $.current_weather)
00:21:07.897 [main] DEBUG com.networknt.schema.TypeValidator - validate( {"time":"2025-05-20T18:45","interval":900,"temperature":20.1,"windspeed":7.6,"winddirection":278,"is_day":0,"weathercode":2}, {"latitude":35.0,"longitude":139.0,"generationtime_ms":0.03504753112792969,"utc_offset_seconds":0,"timezone":"GMT","timezone_abbreviation":"GMT","elevation":234.0,"current_weather_units":{"time":"iso8601","interval":"seconds","temperature":"°C","windspeed":"km/h","winddirection":"°","is_day":"","weathercode":"wmo code"},"current_weather":{"time":"2025-05-20T18:45","interval":900,"temperature":20.1,"windspeed":7.6,"winddirection":278,"is_day":0,"weathercode":2}}, $.current_weather)
00:21:07.898 [main] DEBUG com.networknt.schema.RequiredValidator - validate( {"latitude":35.0,"longitude":139.0,"generationtime_ms":0.03504753112792969,"utc_offset_seconds":0,"timezone":"GMT","timezone_abbreviation":"GMT","elevation":234.0,"current_weather_units":{"time":"iso8601","interval":"seconds","temperature":"°C","windspeed":"km/h","winddirection":"°","is_day":"","weathercode":"wmo code"},"current_weather":{"time":"2025-05-20T18:45","interval":900,"temperature":20.1,"windspeed":7.6,"winddirection":278,"is_day":0,"weathercode":2}}, {"latitude":35.0,"longitude":139.0,"generationtime_ms":0.03504753112792969,"utc_offset_seconds":0,"timezone":"GMT","timezone_abbreviation":"GMT","elevation":234.0,"current_weather_units":{"time":"iso8601","interval":"seconds","temperature":"°C","windspeed":"km/h","winddirection":"°","is_day":"","weathercode":"wmo code"},"current_weather":{"time":"2025-05-20T18:45","interval":900,"temperature":20.1,"windspeed":7.6,"winddirection":278,"is_day":0,"weathercode":2}}, $)
00:21:07.898 [main] DEBUG com.networknt.schema.TypeValidator - validate( {"latitude":35.0,"longitude":139.0,"generationtime_ms":0.03504753112792969,"utc_offset_seconds":0,"timezone":"GMT","timezone_abbreviation":"GMT","elevation":234.0,"current_weather_units":{"time":"iso8601","interval":"seconds","temperature":"°C","windspeed":"km/h","winddirection":"°","is_day":"","weathercode":"wmo code"},"current_weather":{"time":"2025-05-20T18:45","interval":900,"temperature":20.1,"windspeed":7.6,"winddirection":278,"is_day":0,"weathercode":2}}, {"latitude":35.0,"longitude":139.0,"generationtime_ms":0.03504753112792969,"utc_offset_seconds":0,"timezone":"GMT","timezone_abbreviation":"GMT","elevation":234.0,"current_weather_units":{"time":"iso8601","interval":"seconds","temperature":"°C","windspeed":"km/h","winddirection":"°","is_day":"","weathercode":"wmo code"},"current_weather":{"time":"2025-05-20T18:45","interval":900,"temperature":20.1,"windspeed":7.6,"winddirection":278,"is_day":0,"weathercode":2}}, $)
00:21:07.898 [main] INFO com.healthmonitor.api.HealthChecker - 
Checking https://api.open-meteo.com/v1/forecast?latitude=35&longitude=139&current_weather=true:
00:21:07.898 [main] INFO com.healthmonitor.api.HealthChecker - Status: 200
00:21:07.898 [main] INFO com.healthmonitor.api.HealthChecker - Response Time: 888ms
00:21:07.898 [main] INFO com.healthmonitor.api.HealthChecker - Schema Valid: true
00:21:07.898 [main] INFO com.healthmonitor.api.HealthChecker - 
Checking https://api.open-meteo.com/v1/forecast?latitude=35&longitude=139&current_weather=true:
00:21:07.898 [main] INFO com.healthmonitor.api.HealthChecker - Status: 200
00:21:07.898 [main] INFO com.healthmonitor.api.HealthChecker - Response Time: 888ms
00:21:07.898 [main] INFO com.healthmonitor.api.HealthChecker - Schema Valid: true
]]></system-out>
  </testcase>
</testsuite>