<?xml version="1.0" encoding="UTF-8"?>
<testng-results ignored="0" total="3" passed="3" failed="0" skipped="0">
  <reporter-output>
  </reporter-output>
  <suite started-at="2025-05-21T00:20:59 IST" name="API Health Check Suite" finished-at="2025-05-21T00:21:08 IST" duration-ms="9466">
    <groups>
    </groups>
    <test started-at="2025-05-21T00:20:59 IST" name="API Health Check Tests" finished-at="2025-05-21T00:21:08 IST" duration-ms="9466">
      <class name="com.healthmonitor.api.HealthCheckerTest">
        <test-method is-config="true" signature="setup()[pri:0, instance:com.healthmonitor.api.HealthCheckerTest@4f6ee6e4]" started-at="2025-05-21T00:20:59 IST" name="setup" finished-at="2025-05-21T00:20:59 IST" duration-ms="744" status="PASS">
          <reporter-output>
          </reporter-output>
        </test-method> <!-- setup -->
        <test-method signature="testCoinDeskAPI()[pri:0, instance:com.healthmonitor.api.HealthCheckerTest@4f6ee6e4]" started-at="2025-05-21T00:20:59 IST" name="testCoinDeskAPI" description="Test CoinDesk API Health Check" finished-at="2025-05-21T00:21:05 IST" duration-ms="5461" status="PASS">
          <reporter-output>
          </reporter-output>
        </test-method> <!-- testCoinDeskAPI -->
        <test-method signature="testGitHubAPI()[pri:0, instance:com.healthmonitor.api.HealthCheckerTest@4f6ee6e4]" started-at="2025-05-21T00:21:05 IST" name="testGitHubAPI" description="Test GitHub API Health Check" finished-at="2025-05-21T00:21:06 IST" duration-ms="1272" status="PASS">
          <reporter-output>
          </reporter-output>
        </test-method> <!-- testGitHubAPI -->
        <test-method signature="testOpenMeteoAPI()[pri:0, instance:com.healthmonitor.api.HealthCheckerTest@4f6ee6e4]" started-at="2025-05-21T00:21:06 IST" name="testOpenMeteoAPI" description="Test Open-Meteo API Health Check" finished-at="2025-05-21T00:21:07 IST" duration-ms="1250" status="PASS">
          <reporter-output>
          </reporter-output>
        </test-method> <!-- testOpenMeteoAPI -->
        <test-method is-config="true" signature="tearDown()[pri:0, instance:com.healthmonitor.api.HealthCheckerTest@4f6ee6e4]" started-at="2025-05-21T00:21:07 IST" name="tearDown" finished-at="2025-05-21T00:21:08 IST" duration-ms="654" status="PASS">
          <reporter-output>
          </reporter-output>
        </test-method> <!-- tearDown -->
      </class> <!-- com.healthmonitor.api.HealthCheckerTest -->
    </test> <!-- API Health Check Tests -->
  </suite> <!-- API Health Check Suite -->
</testng-results>
