<?xml version="1.0" encoding="UTF-8"?>
<!-- Generated by org.testng.reporters.JUnitXMLReporter -->
<testsuite ignored="0" hostname="Jonaks-MacBook-Air.local" failures="0" tests="3" name="API Health Check Tests" time="9.466" errors="0" timestamp="2025-05-21T00:21:08 IST">
  <testcase classname="com.healthmonitor.api.HealthCheckerTest" name="testCoinDeskAPI" time="5.461"/>
  <testcase classname="com.healthmonitor.api.HealthCheckerTest" name="testGitHubAPI" time="1.272"/>
  <testcase classname="com.healthmonitor.api.HealthCheckerTest" name="testOpenMeteoAPI" time="1.25"/>
</testsuite> <!-- API Health Check Tests -->
